Mär 16, 2018 7:20:08 PM org.apache.catalina.startup.VersionLoggerListener log
INFO: Server version:        Apache Tomcat/7.0.85
Mär 16, 2018 7:20:09 PM org.apache.catalina.startup.VersionLoggerListener log
INFO: Server built:          Feb 7 2018 18:52:33 UTC
Mär 16, 2018 7:20:09 PM org.apache.catalina.startup.VersionLoggerListener log
INFO: Server number:         7.0.85.0
Mär 16, 2018 7:20:09 PM org.apache.catalina.startup.VersionLoggerListener log
INFO: OS Name:               Windows 8
Mär 16, 2018 7:20:09 PM org.apache.catalina.startup.VersionLoggerListener log
INFO: OS Version:            6.2
Mär 16, 2018 7:20:09 PM org.apache.catalina.startup.VersionLoggerListener log
INFO: Architecture:          amd64
Mär 16, 2018 7:20:09 PM org.apache.catalina.startup.VersionLoggerListener log
INFO: Java Home:             C:\Program Files\Java\jdk1.8.0_131\jre
Mär 16, 2018 7:20:09 PM org.apache.catalina.startup.VersionLoggerListener log
INFO: JVM Version:           1.8.0_131-b11
Mär 16, 2018 7:20:09 PM org.apache.catalina.startup.VersionLoggerListener log
INFO: JVM Vendor:            Oracle Corporation
Mär 16, 2018 7:20:09 PM org.apache.catalina.startup.VersionLoggerListener log
INFO: CATALINA_BASE:         C:\Users\Mark\projects\webcomponents\apache-tomcat-8001
Mär 16, 2018 7:20:09 PM org.apache.catalina.startup.VersionLoggerListener log
INFO: CATALINA_HOME:         C:\Users\Mark\projects\webcomponents\apache-tomcat-8001
Mär 16, 2018 7:20:09 PM org.apache.catalina.startup.VersionLoggerListener log
INFO: Command line argument: -Djava.util.logging.config.file=C:\Users\Mark\projects\webcomponents\apache-tomcat-8001\conf\logging.properties
Mär 16, 2018 7:20:09 PM org.apache.catalina.startup.VersionLoggerListener log
INFO: Command line argument: -Djava.util.logging.manager=org.apache.juli.ClassLoaderLogManager
Mär 16, 2018 7:20:09 PM org.apache.catalina.startup.VersionLoggerListener log
INFO: Command line argument: -Djdk.tls.ephemeralDHKeySize=2048
Mär 16, 2018 7:20:09 PM org.apache.catalina.startup.VersionLoggerListener log
INFO: Command line argument: -Dignore.endorsed.dirs=
Mär 16, 2018 7:20:09 PM org.apache.catalina.startup.VersionLoggerListener log
INFO: Command line argument: -Dcatalina.base=C:\Users\Mark\projects\webcomponents\apache-tomcat-8001
Mär 16, 2018 7:20:09 PM org.apache.catalina.startup.VersionLoggerListener log
INFO: Command line argument: -Dcatalina.home=C:\Users\Mark\projects\webcomponents\apache-tomcat-8001
Mär 16, 2018 7:20:09 PM org.apache.catalina.startup.VersionLoggerListener log
INFO: Command line argument: -Djava.io.tmpdir=C:\Users\Mark\projects\webcomponents\apache-tomcat-8001\temp
Mär 16, 2018 7:20:09 PM org.apache.catalina.core.AprLifecycleListener lifecycleEvent
INFO: Loaded APR based Apache Tomcat Native library 1.2.16 using APR version 1.6.3.
Mär 16, 2018 7:20:09 PM org.apache.catalina.core.AprLifecycleListener lifecycleEvent
INFO: APR capabilities: IPv6 [true], sendfile [true], accept filters [false], random [true].
Mär 16, 2018 7:20:10 PM org.apache.catalina.core.AprLifecycleListener initializeSSL
INFO: OpenSSL successfully initialized (OpenSSL 1.0.2m  2 Nov 2017)
Mär 16, 2018 7:20:14 PM org.apache.coyote.AbstractProtocol init
INFO: Initializing ProtocolHandler ["http-apr-8001"]
Mär 16, 2018 7:20:14 PM org.apache.coyote.AbstractProtocol init
INFO: Initializing ProtocolHandler ["ajp-apr-8009"]
Mär 16, 2018 7:20:14 PM org.apache.catalina.startup.Catalina load
INFO: Initialization processed in 13952 ms
Mär 16, 2018 7:20:15 PM org.apache.catalina.core.StandardService startInternal
INFO: Starting service Catalina
Mär 16, 2018 7:20:15 PM org.apache.catalina.core.StandardEngine startInternal
INFO: Starting Servlet Engine: Apache Tomcat/7.0.85
Mär 16, 2018 7:20:15 PM org.apache.catalina.startup.HostConfig deployDirectory
INFO: Deploying web application directory C:\Users\Mark\projects\webcomponents\apache-tomcat-8001\webapps\docs
Mär 16, 2018 7:20:20 PM org.apache.catalina.util.SessionIdGeneratorBase createSecureRandom
WARNING: Creation of SecureRandom instance for session ID generation using [SHA1PRNG] took [1,214] milliseconds.
Mär 16, 2018 7:20:20 PM org.apache.catalina.startup.HostConfig deployDirectory
INFO: Deployment of web application directory C:\Users\Mark\projects\webcomponents\apache-tomcat-8001\webapps\docs has finished in 4,523 ms
Mär 16, 2018 7:20:20 PM org.apache.catalina.startup.HostConfig deployDirectory
INFO: Deploying web application directory C:\Users\Mark\projects\webcomponents\apache-tomcat-8001\webapps\examples
Mär 16, 2018 7:20:21 PM org.apache.catalina.startup.HostConfig deployDirectory
INFO: Deployment of web application directory C:\Users\Mark\projects\webcomponents\apache-tomcat-8001\webapps\examples has finished in 1,444 ms
Mär 16, 2018 7:20:21 PM org.apache.catalina.startup.HostConfig deployDirectory
INFO: Deploying web application directory C:\Users\Mark\projects\webcomponents\apache-tomcat-8001\webapps\host-manager
Mär 16, 2018 7:20:22 PM org.apache.catalina.startup.HostConfig deployDirectory
INFO: Deployment of web application directory C:\Users\Mark\projects\webcomponents\apache-tomcat-8001\webapps\host-manager has finished in 612 ms
Mär 16, 2018 7:20:22 PM org.apache.catalina.startup.HostConfig deployDirectory
INFO: Deploying web application directory C:\Users\Mark\projects\webcomponents\apache-tomcat-8001\webapps\manager
Mär 16, 2018 7:20:22 PM org.apache.catalina.startup.HostConfig deployDirectory
INFO: Deployment of web application directory C:\Users\Mark\projects\webcomponents\apache-tomcat-8001\webapps\manager has finished in 128 ms
Mär 16, 2018 7:20:22 PM org.apache.catalina.startup.HostConfig deployDirectory
INFO: Deploying web application directory C:\Users\Mark\projects\webcomponents\apache-tomcat-8001\webapps\ROOT
Mär 16, 2018 7:20:22 PM org.apache.catalina.startup.HostConfig deployDirectory
INFO: Deployment of web application directory C:\Users\Mark\projects\webcomponents\apache-tomcat-8001\webapps\ROOT has finished in 99 ms
Mär 16, 2018 7:20:22 PM org.apache.catalina.startup.HostConfig deployDirectory
INFO: Deploying web application directory C:\Users\Mark\projects\webcomponents\apache-tomcat-8001\webapps\web0
Mär 16, 2018 7:20:22 PM org.apache.catalina.deploy.WebXml setVersion
WARNING: Unknown version string [4.0]. Default version will be used.
Mär 16, 2018 7:20:22 PM org.apache.catalina.startup.HostConfig deployDirectory
INFO: Deployment of web application directory C:\Users\Mark\projects\webcomponents\apache-tomcat-8001\webapps\web0 has finished in 155 ms
Mär 16, 2018 7:20:22 PM org.apache.coyote.AbstractProtocol start
INFO: Starting ProtocolHandler ["http-apr-8001"]
Mär 16, 2018 7:20:22 PM org.apache.coyote.AbstractProtocol start
INFO: Starting ProtocolHandler ["ajp-apr-8009"]
Mär 16, 2018 7:20:22 PM org.apache.catalina.startup.Catalina start
INFO: Server startup in 8041 ms
Mär 16, 2018 7:22:40 PM org.apache.coyote.AbstractProtocol pause
INFO: Pausing ProtocolHandler ["http-apr-8001"]
Mär 16, 2018 7:22:40 PM org.apache.coyote.AbstractProtocol pause
INFO: Pausing ProtocolHandler ["ajp-apr-8009"]
Mär 16, 2018 7:22:40 PM org.apache.catalina.core.StandardService stopInternal
INFO: Stopping service Catalina
Mär 16, 2018 7:22:40 PM org.apache.coyote.AbstractProtocol stop
INFO: Stopping ProtocolHandler ["http-apr-8001"]
Mär 16, 2018 7:22:40 PM org.apache.coyote.AbstractProtocol stop
INFO: Stopping ProtocolHandler ["ajp-apr-8009"]
Mär 16, 2018 7:22:40 PM org.apache.coyote.AbstractProtocol destroy
INFO: Destroying ProtocolHandler ["http-apr-8001"]
Mär 16, 2018 7:22:40 PM org.apache.coyote.AbstractProtocol destroy
INFO: Destroying ProtocolHandler ["ajp-apr-8009"]
Mär 16, 2018 7:59:49 PM org.apache.catalina.startup.VersionLoggerListener log
INFO: Server version:        Apache Tomcat/7.0.85
Mär 16, 2018 7:59:49 PM org.apache.catalina.startup.VersionLoggerListener log
INFO: Server built:          Feb 7 2018 18:52:33 UTC
Mär 16, 2018 7:59:49 PM org.apache.catalina.startup.VersionLoggerListener log
INFO: Server number:         7.0.85.0
Mär 16, 2018 7:59:49 PM org.apache.catalina.startup.VersionLoggerListener log
INFO: OS Name:               Windows 8
Mär 16, 2018 7:59:49 PM org.apache.catalina.startup.VersionLoggerListener log
INFO: OS Version:            6.2
Mär 16, 2018 7:59:49 PM org.apache.catalina.startup.VersionLoggerListener log
INFO: Architecture:          amd64
Mär 16, 2018 7:59:49 PM org.apache.catalina.startup.VersionLoggerListener log
INFO: Java Home:             C:\Program Files\Java\jdk1.8.0_131\jre
Mär 16, 2018 7:59:49 PM org.apache.catalina.startup.VersionLoggerListener log
INFO: JVM Version:           1.8.0_131-b11
Mär 16, 2018 7:59:49 PM org.apache.catalina.startup.VersionLoggerListener log
INFO: JVM Vendor:            Oracle Corporation
Mär 16, 2018 7:59:49 PM org.apache.catalina.startup.VersionLoggerListener log
INFO: CATALINA_BASE:         C:\Users\Mark\Dev\workspace\WC\apache-tomcat-8001
Mär 16, 2018 7:59:49 PM org.apache.catalina.startup.VersionLoggerListener log
INFO: CATALINA_HOME:         C:\Users\Mark\Dev\workspace\WC\apache-tomcat-8001
Mär 16, 2018 7:59:49 PM org.apache.catalina.startup.VersionLoggerListener log
INFO: Command line argument: -Djava.util.logging.config.file=C:\Users\Mark\Dev\workspace\WC\apache-tomcat-8001\conf\logging.properties
Mär 16, 2018 7:59:49 PM org.apache.catalina.startup.VersionLoggerListener log
INFO: Command line argument: -Djava.util.logging.manager=org.apache.juli.ClassLoaderLogManager
Mär 16, 2018 7:59:49 PM org.apache.catalina.startup.VersionLoggerListener log
INFO: Command line argument: -Djdk.tls.ephemeralDHKeySize=2048
Mär 16, 2018 7:59:49 PM org.apache.catalina.startup.VersionLoggerListener log
INFO: Command line argument: -Dignore.endorsed.dirs=
Mär 16, 2018 7:59:49 PM org.apache.catalina.startup.VersionLoggerListener log
INFO: Command line argument: -Dcatalina.base=C:\Users\Mark\Dev\workspace\WC\apache-tomcat-8001
Mär 16, 2018 7:59:49 PM org.apache.catalina.startup.VersionLoggerListener log
INFO: Command line argument: -Dcatalina.home=C:\Users\Mark\Dev\workspace\WC\apache-tomcat-8001
Mär 16, 2018 7:59:49 PM org.apache.catalina.startup.VersionLoggerListener log
INFO: Command line argument: -Djava.io.tmpdir=C:\Users\Mark\Dev\workspace\WC\apache-tomcat-8001\temp
Mär 16, 2018 7:59:49 PM org.apache.catalina.core.AprLifecycleListener lifecycleEvent
INFO: Loaded APR based Apache Tomcat Native library 1.2.16 using APR version 1.6.3.
Mär 16, 2018 7:59:49 PM org.apache.catalina.core.AprLifecycleListener lifecycleEvent
INFO: APR capabilities: IPv6 [true], sendfile [true], accept filters [false], random [true].
Mär 16, 2018 7:59:50 PM org.apache.catalina.core.AprLifecycleListener initializeSSL
INFO: OpenSSL successfully initialized (OpenSSL 1.0.2m  2 Nov 2017)
Mär 16, 2018 7:59:51 PM org.apache.coyote.AbstractProtocol init
INFO: Initializing ProtocolHandler ["http-apr-8001"]
Mär 16, 2018 7:59:51 PM org.apache.coyote.AbstractProtocol init
INFO: Initializing ProtocolHandler ["ajp-apr-8009"]
Mär 16, 2018 7:59:51 PM org.apache.coyote.AbstractProtocol init
SEVERE: Failed to initialize end point associated with ProtocolHandler ["ajp-apr-8009"]
java.lang.Exception: Socket bind failed: [730048] Only one usage of each socket address (protocol/network address/port) is normally permitted.  
	at org.apache.tomcat.util.net.AprEndpoint.bind(AprEndpoint.java:481)
	at org.apache.tomcat.util.net.AbstractEndpoint.init(AbstractEndpoint.java:728)
	at org.apache.coyote.AbstractProtocol.init(AbstractProtocol.java:452)
	at org.apache.catalina.connector.Connector.initInternal(Connector.java:978)
	at org.apache.catalina.util.LifecycleBase.init(LifecycleBase.java:102)
	at org.apache.catalina.core.StandardService.initInternal(StandardService.java:560)
	at org.apache.catalina.util.LifecycleBase.init(LifecycleBase.java:102)
	at org.apache.catalina.core.StandardServer.initInternal(StandardServer.java:840)
	at org.apache.catalina.util.LifecycleBase.init(LifecycleBase.java:102)
	at org.apache.catalina.startup.Catalina.load(Catalina.java:654)
	at org.apache.catalina.startup.Catalina.load(Catalina.java:679)
	at sun.reflect.NativeMethodAccessorImpl.invoke0(Native Method)
	at sun.reflect.NativeMethodAccessorImpl.invoke(NativeMethodAccessorImpl.java:62)
	at sun.reflect.DelegatingMethodAccessorImpl.invoke(DelegatingMethodAccessorImpl.java:43)
	at java.lang.reflect.Method.invoke(Method.java:498)
	at org.apache.catalina.startup.Bootstrap.load(Bootstrap.java:253)
	at org.apache.catalina.startup.Bootstrap.main(Bootstrap.java:427)

Mär 16, 2018 7:59:51 PM org.apache.catalina.core.StandardService initInternal
SEVERE: Failed to initialize connector [Connector[AJP/1.3-8009]]
org.apache.catalina.LifecycleException: Failed to initialize component [Connector[AJP/1.3-8009]]
	at org.apache.catalina.util.LifecycleBase.init(LifecycleBase.java:107)
	at org.apache.catalina.core.StandardService.initInternal(StandardService.java:560)
	at org.apache.catalina.util.LifecycleBase.init(LifecycleBase.java:102)
	at org.apache.catalina.core.StandardServer.initInternal(StandardServer.java:840)
	at org.apache.catalina.util.LifecycleBase.init(LifecycleBase.java:102)
	at org.apache.catalina.startup.Catalina.load(Catalina.java:654)
	at org.apache.catalina.startup.Catalina.load(Catalina.java:679)
	at sun.reflect.NativeMethodAccessorImpl.invoke0(Native Method)
	at sun.reflect.NativeMethodAccessorImpl.invoke(NativeMethodAccessorImpl.java:62)
	at sun.reflect.DelegatingMethodAccessorImpl.invoke(DelegatingMethodAccessorImpl.java:43)
	at java.lang.reflect.Method.invoke(Method.java:498)
	at org.apache.catalina.startup.Bootstrap.load(Bootstrap.java:253)
	at org.apache.catalina.startup.Bootstrap.main(Bootstrap.java:427)
Caused by: org.apache.catalina.LifecycleException: Protocol handler initialization failed
	at org.apache.catalina.connector.Connector.initInternal(Connector.java:980)
	at org.apache.catalina.util.LifecycleBase.init(LifecycleBase.java:102)
	... 12 more
Caused by: java.lang.Exception: Socket bind failed: [730048] Only one usage of each socket address (protocol/network address/port) is normally permitted.  
	at org.apache.tomcat.util.net.AprEndpoint.bind(AprEndpoint.java:481)
	at org.apache.tomcat.util.net.AbstractEndpoint.init(AbstractEndpoint.java:728)
	at org.apache.coyote.AbstractProtocol.init(AbstractProtocol.java:452)
	at org.apache.catalina.connector.Connector.initInternal(Connector.java:978)
	... 13 more

Mär 16, 2018 7:59:51 PM org.apache.catalina.startup.Catalina load
INFO: Initialization processed in 3377 ms
Mär 16, 2018 7:59:51 PM org.apache.catalina.core.StandardService startInternal
INFO: Starting service Catalina
Mär 16, 2018 7:59:51 PM org.apache.catalina.core.StandardEngine startInternal
INFO: Starting Servlet Engine: Apache Tomcat/7.0.85
Mär 16, 2018 7:59:51 PM org.apache.catalina.startup.HostConfig deployDirectory
INFO: Deploying web application directory C:\Users\Mark\Dev\workspace\WC\apache-tomcat-8001\webapps\examples
Mär 16, 2018 7:59:55 PM org.apache.catalina.util.SessionIdGeneratorBase createSecureRandom
WARNING: Creation of SecureRandom instance for session ID generation using [SHA1PRNG] took [1,121] milliseconds.
Mär 16, 2018 7:59:55 PM org.apache.catalina.startup.HostConfig deployDirectory
INFO: Deployment of web application directory C:\Users\Mark\Dev\workspace\WC\apache-tomcat-8001\webapps\examples has finished in 4,191 ms
Mär 16, 2018 7:59:55 PM org.apache.catalina.startup.HostConfig deployDirectory
INFO: Deploying web application directory C:\Users\Mark\Dev\workspace\WC\apache-tomcat-8001\webapps\host-manager
Mär 16, 2018 7:59:56 PM org.apache.catalina.startup.HostConfig deployDirectory
INFO: Deployment of web application directory C:\Users\Mark\Dev\workspace\WC\apache-tomcat-8001\webapps\host-manager has finished in 342 ms
Mär 16, 2018 7:59:56 PM org.apache.catalina.startup.HostConfig deployDirectory
INFO: Deploying web application directory C:\Users\Mark\Dev\workspace\WC\apache-tomcat-8001\webapps\manager
Mär 16, 2018 7:59:56 PM org.apache.catalina.startup.HostConfig deployDirectory
INFO: Deployment of web application directory C:\Users\Mark\Dev\workspace\WC\apache-tomcat-8001\webapps\manager has finished in 130 ms
Mär 16, 2018 7:59:56 PM org.apache.catalina.startup.HostConfig deployDirectory
INFO: Deploying web application directory C:\Users\Mark\Dev\workspace\WC\apache-tomcat-8001\webapps\ROOT
Mär 16, 2018 7:59:56 PM org.apache.catalina.startup.HostConfig deployDirectory
INFO: Deployment of web application directory C:\Users\Mark\Dev\workspace\WC\apache-tomcat-8001\webapps\ROOT has finished in 90 ms
Mär 16, 2018 7:59:56 PM org.apache.catalina.startup.HostConfig deployDirectory
INFO: Deploying web application directory C:\Users\Mark\Dev\workspace\WC\apache-tomcat-8001\webapps\web0
Mär 16, 2018 7:59:56 PM org.apache.catalina.deploy.WebXml setVersion
WARNING: Unknown version string [4.0]. Default version will be used.
Mär 16, 2018 7:59:56 PM org.apache.catalina.startup.HostConfig deployDirectory
INFO: Deployment of web application directory C:\Users\Mark\Dev\workspace\WC\apache-tomcat-8001\webapps\web0 has finished in 92 ms
Mär 16, 2018 7:59:56 PM org.apache.coyote.AbstractProtocol start
INFO: Starting ProtocolHandler ["http-apr-8001"]
Mär 16, 2018 7:59:56 PM org.apache.catalina.startup.Catalina start
INFO: Server startup in 5041 ms
Mär 16, 2018 7:59:56 PM org.apache.catalina.core.StandardServer await
SEVERE: StandardServer.await: create[localhost:8005]: 
java.net.BindException: Address already in use: JVM_Bind
	at java.net.DualStackPlainSocketImpl.bind0(Native Method)
	at java.net.DualStackPlainSocketImpl.socketBind(DualStackPlainSocketImpl.java:106)
	at java.net.AbstractPlainSocketImpl.bind(AbstractPlainSocketImpl.java:387)
	at java.net.PlainSocketImpl.bind(PlainSocketImpl.java:190)
	at java.net.ServerSocket.bind(ServerSocket.java:375)
	at java.net.ServerSocket.<init>(ServerSocket.java:237)
	at org.apache.catalina.core.StandardServer.await(StandardServer.java:444)
	at org.apache.catalina.startup.Catalina.await(Catalina.java:793)
	at org.apache.catalina.startup.Catalina.start(Catalina.java:739)
	at sun.reflect.NativeMethodAccessorImpl.invoke0(Native Method)
	at sun.reflect.NativeMethodAccessorImpl.invoke(NativeMethodAccessorImpl.java:62)
	at sun.reflect.DelegatingMethodAccessorImpl.invoke(DelegatingMethodAccessorImpl.java:43)
	at java.lang.reflect.Method.invoke(Method.java:498)
	at org.apache.catalina.startup.Bootstrap.start(Bootstrap.java:294)
	at org.apache.catalina.startup.Bootstrap.main(Bootstrap.java:428)

Mär 16, 2018 7:59:56 PM org.apache.coyote.AbstractProtocol pause
INFO: Pausing ProtocolHandler ["http-apr-8001"]
Mär 16, 2018 7:59:56 PM org.apache.coyote.AbstractProtocol pause
INFO: Pausing ProtocolHandler ["ajp-apr-8009"]
Mär 16, 2018 7:59:56 PM org.apache.catalina.core.StandardService stopInternal
INFO: Stopping service Catalina
Mär 16, 2018 7:59:56 PM org.apache.coyote.AbstractProtocol stop
INFO: Stopping ProtocolHandler ["http-apr-8001"]
Mär 16, 2018 7:59:56 PM org.apache.coyote.AbstractProtocol destroy
INFO: Destroying ProtocolHandler ["http-apr-8001"]
Mär 16, 2018 7:59:56 PM org.apache.coyote.AbstractProtocol stop
INFO: Stopping ProtocolHandler ["ajp-apr-8009"]
Mär 16, 2018 7:59:56 PM org.apache.coyote.AbstractProtocol destroy
INFO: Destroying ProtocolHandler ["ajp-apr-8009"]
Mär 16, 2018 8:00:19 PM org.apache.catalina.startup.VersionLoggerListener log
INFO: Server version:        Apache Tomcat/7.0.85
Mär 16, 2018 8:00:19 PM org.apache.catalina.startup.VersionLoggerListener log
INFO: Server built:          Feb 7 2018 18:52:33 UTC
Mär 16, 2018 8:00:19 PM org.apache.catalina.startup.VersionLoggerListener log
INFO: Server number:         7.0.85.0
Mär 16, 2018 8:00:19 PM org.apache.catalina.startup.VersionLoggerListener log
INFO: OS Name:               Windows 8
Mär 16, 2018 8:00:19 PM org.apache.catalina.startup.VersionLoggerListener log
INFO: OS Version:            6.2
Mär 16, 2018 8:00:19 PM org.apache.catalina.startup.VersionLoggerListener log
INFO: Architecture:          amd64
Mär 16, 2018 8:00:19 PM org.apache.catalina.startup.VersionLoggerListener log
INFO: Java Home:             C:\Program Files\Java\jdk1.8.0_131\jre
Mär 16, 2018 8:00:19 PM org.apache.catalina.startup.VersionLoggerListener log
INFO: JVM Version:           1.8.0_131-b11
Mär 16, 2018 8:00:19 PM org.apache.catalina.startup.VersionLoggerListener log
INFO: JVM Vendor:            Oracle Corporation
Mär 16, 2018 8:00:19 PM org.apache.catalina.startup.VersionLoggerListener log
INFO: CATALINA_BASE:         C:\Users\Mark\Dev\workspace\WC\apache-tomcat-8001
Mär 16, 2018 8:00:19 PM org.apache.catalina.startup.VersionLoggerListener log
INFO: CATALINA_HOME:         C:\Users\Mark\Dev\workspace\WC\apache-tomcat-8001
Mär 16, 2018 8:00:19 PM org.apache.catalina.startup.VersionLoggerListener log
INFO: Command line argument: -Djava.util.logging.config.file=C:\Users\Mark\Dev\workspace\WC\apache-tomcat-8001\conf\logging.properties
Mär 16, 2018 8:00:19 PM org.apache.catalina.startup.VersionLoggerListener log
INFO: Command line argument: -Djava.util.logging.manager=org.apache.juli.ClassLoaderLogManager
Mär 16, 2018 8:00:19 PM org.apache.catalina.startup.VersionLoggerListener log
INFO: Command line argument: -Djdk.tls.ephemeralDHKeySize=2048
Mär 16, 2018 8:00:19 PM org.apache.catalina.startup.VersionLoggerListener log
INFO: Command line argument: -Dignore.endorsed.dirs=
Mär 16, 2018 8:00:19 PM org.apache.catalina.startup.VersionLoggerListener log
INFO: Command line argument: -Dcatalina.base=C:\Users\Mark\Dev\workspace\WC\apache-tomcat-8001
Mär 16, 2018 8:00:19 PM org.apache.catalina.startup.VersionLoggerListener log
INFO: Command line argument: -Dcatalina.home=C:\Users\Mark\Dev\workspace\WC\apache-tomcat-8001
Mär 16, 2018 8:00:19 PM org.apache.catalina.startup.VersionLoggerListener log
INFO: Command line argument: -Djava.io.tmpdir=C:\Users\Mark\Dev\workspace\WC\apache-tomcat-8001\temp
Mär 16, 2018 8:00:19 PM org.apache.catalina.core.AprLifecycleListener lifecycleEvent
INFO: Loaded APR based Apache Tomcat Native library 1.2.16 using APR version 1.6.3.
Mär 16, 2018 8:00:19 PM org.apache.catalina.core.AprLifecycleListener lifecycleEvent
INFO: APR capabilities: IPv6 [true], sendfile [true], accept filters [false], random [true].
Mär 16, 2018 8:00:20 PM org.apache.catalina.core.AprLifecycleListener initializeSSL
INFO: OpenSSL successfully initialized (OpenSSL 1.0.2m  2 Nov 2017)
Mär 16, 2018 8:00:21 PM org.apache.coyote.AbstractProtocol init
INFO: Initializing ProtocolHandler ["http-apr-8001"]
Mär 16, 2018 8:00:21 PM org.apache.coyote.AbstractProtocol init
INFO: Initializing ProtocolHandler ["ajp-apr-8009"]
Mär 16, 2018 8:00:21 PM org.apache.coyote.AbstractProtocol init
SEVERE: Failed to initialize end point associated with ProtocolHandler ["ajp-apr-8009"]
java.lang.Exception: Socket bind failed: [730048] Only one usage of each socket address (protocol/network address/port) is normally permitted.  
	at org.apache.tomcat.util.net.AprEndpoint.bind(AprEndpoint.java:481)
	at org.apache.tomcat.util.net.AbstractEndpoint.init(AbstractEndpoint.java:728)
	at org.apache.coyote.AbstractProtocol.init(AbstractProtocol.java:452)
	at org.apache.catalina.connector.Connector.initInternal(Connector.java:978)
	at org.apache.catalina.util.LifecycleBase.init(LifecycleBase.java:102)
	at org.apache.catalina.core.StandardService.initInternal(StandardService.java:560)
	at org.apache.catalina.util.LifecycleBase.init(LifecycleBase.java:102)
	at org.apache.catalina.core.StandardServer.initInternal(StandardServer.java:840)
	at org.apache.catalina.util.LifecycleBase.init(LifecycleBase.java:102)
	at org.apache.catalina.startup.Catalina.load(Catalina.java:654)
	at org.apache.catalina.startup.Catalina.load(Catalina.java:679)
	at sun.reflect.NativeMethodAccessorImpl.invoke0(Native Method)
	at sun.reflect.NativeMethodAccessorImpl.invoke(NativeMethodAccessorImpl.java:62)
	at sun.reflect.DelegatingMethodAccessorImpl.invoke(DelegatingMethodAccessorImpl.java:43)
	at java.lang.reflect.Method.invoke(Method.java:498)
	at org.apache.catalina.startup.Bootstrap.load(Bootstrap.java:253)
	at org.apache.catalina.startup.Bootstrap.main(Bootstrap.java:427)

Mär 16, 2018 8:00:21 PM org.apache.catalina.core.StandardService initInternal
SEVERE: Failed to initialize connector [Connector[AJP/1.3-8009]]
org.apache.catalina.LifecycleException: Failed to initialize component [Connector[AJP/1.3-8009]]
	at org.apache.catalina.util.LifecycleBase.init(LifecycleBase.java:107)
	at org.apache.catalina.core.StandardService.initInternal(StandardService.java:560)
	at org.apache.catalina.util.LifecycleBase.init(LifecycleBase.java:102)
	at org.apache.catalina.core.StandardServer.initInternal(StandardServer.java:840)
	at org.apache.catalina.util.LifecycleBase.init(LifecycleBase.java:102)
	at org.apache.catalina.startup.Catalina.load(Catalina.java:654)
	at org.apache.catalina.startup.Catalina.load(Catalina.java:679)
	at sun.reflect.NativeMethodAccessorImpl.invoke0(Native Method)
	at sun.reflect.NativeMethodAccessorImpl.invoke(NativeMethodAccessorImpl.java:62)
	at sun.reflect.DelegatingMethodAccessorImpl.invoke(DelegatingMethodAccessorImpl.java:43)
	at java.lang.reflect.Method.invoke(Method.java:498)
	at org.apache.catalina.startup.Bootstrap.load(Bootstrap.java:253)
	at org.apache.catalina.startup.Bootstrap.main(Bootstrap.java:427)
Caused by: org.apache.catalina.LifecycleException: Protocol handler initialization failed
	at org.apache.catalina.connector.Connector.initInternal(Connector.java:980)
	at org.apache.catalina.util.LifecycleBase.init(LifecycleBase.java:102)
	... 12 more
Caused by: java.lang.Exception: Socket bind failed: [730048] Only one usage of each socket address (protocol/network address/port) is normally permitted.  
	at org.apache.tomcat.util.net.AprEndpoint.bind(AprEndpoint.java:481)
	at org.apache.tomcat.util.net.AbstractEndpoint.init(AbstractEndpoint.java:728)
	at org.apache.coyote.AbstractProtocol.init(AbstractProtocol.java:452)
	at org.apache.catalina.connector.Connector.initInternal(Connector.java:978)
	... 13 more

Mär 16, 2018 8:00:21 PM org.apache.catalina.startup.Catalina load
INFO: Initialization processed in 2599 ms
Mär 16, 2018 8:00:21 PM org.apache.catalina.core.StandardService startInternal
INFO: Starting service Catalina
Mär 16, 2018 8:00:21 PM org.apache.catalina.core.StandardEngine startInternal
INFO: Starting Servlet Engine: Apache Tomcat/7.0.85
Mär 16, 2018 8:00:21 PM org.apache.catalina.startup.HostConfig deployDirectory
INFO: Deploying web application directory C:\Users\Mark\Dev\workspace\WC\apache-tomcat-8001\webapps\examples
Mär 16, 2018 8:00:23 PM org.apache.catalina.util.SessionIdGeneratorBase createSecureRandom
WARNING: Creation of SecureRandom instance for session ID generation using [SHA1PRNG] took [1,124] milliseconds.
Mär 16, 2018 8:00:23 PM org.apache.catalina.startup.HostConfig deployDirectory
INFO: Deployment of web application directory C:\Users\Mark\Dev\workspace\WC\apache-tomcat-8001\webapps\examples has finished in 2,310 ms
Mär 16, 2018 8:00:23 PM org.apache.catalina.startup.HostConfig deployDirectory
INFO: Deploying web application directory C:\Users\Mark\Dev\workspace\WC\apache-tomcat-8001\webapps\host-manager
Mär 16, 2018 8:00:24 PM org.apache.catalina.startup.HostConfig deployDirectory
INFO: Deployment of web application directory C:\Users\Mark\Dev\workspace\WC\apache-tomcat-8001\webapps\host-manager has finished in 306 ms
Mär 16, 2018 8:00:24 PM org.apache.catalina.startup.HostConfig deployDirectory
INFO: Deploying web application directory C:\Users\Mark\Dev\workspace\WC\apache-tomcat-8001\webapps\manager
Mär 16, 2018 8:00:24 PM org.apache.catalina.startup.HostConfig deployDirectory
INFO: Deployment of web application directory C:\Users\Mark\Dev\workspace\WC\apache-tomcat-8001\webapps\manager has finished in 105 ms
Mär 16, 2018 8:00:24 PM org.apache.catalina.startup.HostConfig deployDirectory
INFO: Deploying web application directory C:\Users\Mark\Dev\workspace\WC\apache-tomcat-8001\webapps\ROOT
Mär 16, 2018 8:00:24 PM org.apache.catalina.startup.HostConfig deployDirectory
INFO: Deployment of web application directory C:\Users\Mark\Dev\workspace\WC\apache-tomcat-8001\webapps\ROOT has finished in 101 ms
Mär 16, 2018 8:00:24 PM org.apache.catalina.startup.HostConfig deployDirectory
INFO: Deploying web application directory C:\Users\Mark\Dev\workspace\WC\apache-tomcat-8001\webapps\web0
Mär 16, 2018 8:00:24 PM org.apache.catalina.deploy.WebXml setVersion
WARNING: Unknown version string [4.0]. Default version will be used.
Mär 16, 2018 8:00:24 PM org.apache.catalina.startup.HostConfig deployDirectory
INFO: Deployment of web application directory C:\Users\Mark\Dev\workspace\WC\apache-tomcat-8001\webapps\web0 has finished in 113 ms
Mär 16, 2018 8:00:24 PM org.apache.coyote.AbstractProtocol start
INFO: Starting ProtocolHandler ["http-apr-8001"]
Mär 16, 2018 8:00:24 PM org.apache.catalina.startup.Catalina start
INFO: Server startup in 3061 ms
Mär 16, 2018 8:00:24 PM org.apache.catalina.core.StandardServer await
SEVERE: StandardServer.await: create[localhost:8005]: 
java.net.BindException: Address already in use: JVM_Bind
	at java.net.DualStackPlainSocketImpl.bind0(Native Method)
	at java.net.DualStackPlainSocketImpl.socketBind(DualStackPlainSocketImpl.java:106)
	at java.net.AbstractPlainSocketImpl.bind(AbstractPlainSocketImpl.java:387)
	at java.net.PlainSocketImpl.bind(PlainSocketImpl.java:190)
	at java.net.ServerSocket.bind(ServerSocket.java:375)
	at java.net.ServerSocket.<init>(ServerSocket.java:237)
	at org.apache.catalina.core.StandardServer.await(StandardServer.java:444)
	at org.apache.catalina.startup.Catalina.await(Catalina.java:793)
	at org.apache.catalina.startup.Catalina.start(Catalina.java:739)
	at sun.reflect.NativeMethodAccessorImpl.invoke0(Native Method)
	at sun.reflect.NativeMethodAccessorImpl.invoke(NativeMethodAccessorImpl.java:62)
	at sun.reflect.DelegatingMethodAccessorImpl.invoke(DelegatingMethodAccessorImpl.java:43)
	at java.lang.reflect.Method.invoke(Method.java:498)
	at org.apache.catalina.startup.Bootstrap.start(Bootstrap.java:294)
	at org.apache.catalina.startup.Bootstrap.main(Bootstrap.java:428)

Mär 16, 2018 8:00:24 PM org.apache.coyote.AbstractProtocol pause
INFO: Pausing ProtocolHandler ["http-apr-8001"]
Mär 16, 2018 8:00:24 PM org.apache.coyote.AbstractProtocol pause
INFO: Pausing ProtocolHandler ["ajp-apr-8009"]
Mär 16, 2018 8:00:24 PM org.apache.catalina.core.StandardService stopInternal
INFO: Stopping service Catalina
Mär 16, 2018 8:00:24 PM org.apache.coyote.AbstractProtocol stop
INFO: Stopping ProtocolHandler ["http-apr-8001"]
Mär 16, 2018 8:00:24 PM org.apache.coyote.AbstractProtocol destroy
INFO: Destroying ProtocolHandler ["http-apr-8001"]
Mär 16, 2018 8:00:24 PM org.apache.coyote.AbstractProtocol stop
INFO: Stopping ProtocolHandler ["ajp-apr-8009"]
Mär 16, 2018 8:00:24 PM org.apache.coyote.AbstractProtocol destroy
INFO: Destroying ProtocolHandler ["ajp-apr-8009"]
Mär 16, 2018 8:00:31 PM org.apache.catalina.startup.VersionLoggerListener log
INFO: Server version:        Apache Tomcat/7.0.85
Mär 16, 2018 8:00:31 PM org.apache.catalina.startup.VersionLoggerListener log
INFO: Server built:          Feb 7 2018 18:52:33 UTC
Mär 16, 2018 8:00:31 PM org.apache.catalina.startup.VersionLoggerListener log
INFO: Server number:         7.0.85.0
Mär 16, 2018 8:00:31 PM org.apache.catalina.startup.VersionLoggerListener log
INFO: OS Name:               Windows 8
Mär 16, 2018 8:00:31 PM org.apache.catalina.startup.VersionLoggerListener log
INFO: OS Version:            6.2
Mär 16, 2018 8:00:31 PM org.apache.catalina.startup.VersionLoggerListener log
INFO: Architecture:          amd64
Mär 16, 2018 8:00:31 PM org.apache.catalina.startup.VersionLoggerListener log
INFO: Java Home:             C:\Program Files\Java\jdk1.8.0_131\jre
Mär 16, 2018 8:00:31 PM org.apache.catalina.startup.VersionLoggerListener log
INFO: JVM Version:           1.8.0_131-b11
Mär 16, 2018 8:00:31 PM org.apache.catalina.startup.VersionLoggerListener log
INFO: JVM Vendor:            Oracle Corporation
Mär 16, 2018 8:00:31 PM org.apache.catalina.startup.VersionLoggerListener log
INFO: CATALINA_BASE:         C:\Users\Mark\Dev\workspace\WC\apache-tomcat-8001
Mär 16, 2018 8:00:31 PM org.apache.catalina.startup.VersionLoggerListener log
INFO: CATALINA_HOME:         C:\Users\Mark\Dev\workspace\WC\apache-tomcat-8001
Mär 16, 2018 8:00:31 PM org.apache.catalina.startup.VersionLoggerListener log
INFO: Command line argument: -Djava.util.logging.config.file=C:\Users\Mark\Dev\workspace\WC\apache-tomcat-8001\conf\logging.properties
Mär 16, 2018 8:00:31 PM org.apache.catalina.startup.VersionLoggerListener log
INFO: Command line argument: -Djava.util.logging.manager=org.apache.juli.ClassLoaderLogManager
Mär 16, 2018 8:00:31 PM org.apache.catalina.startup.VersionLoggerListener log
INFO: Command line argument: -Djdk.tls.ephemeralDHKeySize=2048
Mär 16, 2018 8:00:31 PM org.apache.catalina.startup.VersionLoggerListener log
INFO: Command line argument: -Dignore.endorsed.dirs=
Mär 16, 2018 8:00:31 PM org.apache.catalina.startup.VersionLoggerListener log
INFO: Command line argument: -Dcatalina.base=C:\Users\Mark\Dev\workspace\WC\apache-tomcat-8001
Mär 16, 2018 8:00:31 PM org.apache.catalina.startup.VersionLoggerListener log
INFO: Command line argument: -Dcatalina.home=C:\Users\Mark\Dev\workspace\WC\apache-tomcat-8001
Mär 16, 2018 8:00:31 PM org.apache.catalina.startup.VersionLoggerListener log
INFO: Command line argument: -Djava.io.tmpdir=C:\Users\Mark\Dev\workspace\WC\apache-tomcat-8001\temp
Mär 16, 2018 8:00:31 PM org.apache.catalina.core.AprLifecycleListener lifecycleEvent
INFO: Loaded APR based Apache Tomcat Native library 1.2.16 using APR version 1.6.3.
Mär 16, 2018 8:00:31 PM org.apache.catalina.core.AprLifecycleListener lifecycleEvent
INFO: APR capabilities: IPv6 [true], sendfile [true], accept filters [false], random [true].
Mär 16, 2018 8:00:32 PM org.apache.catalina.core.AprLifecycleListener initializeSSL
INFO: OpenSSL successfully initialized (OpenSSL 1.0.2m  2 Nov 2017)
Mär 16, 2018 8:00:32 PM org.apache.coyote.AbstractProtocol init
INFO: Initializing ProtocolHandler ["http-apr-8001"]
Mär 16, 2018 8:00:32 PM org.apache.coyote.AbstractProtocol init
INFO: Initializing ProtocolHandler ["ajp-apr-8009"]
Mär 16, 2018 8:00:32 PM org.apache.coyote.AbstractProtocol init
SEVERE: Failed to initialize end point associated with ProtocolHandler ["ajp-apr-8009"]
java.lang.Exception: Socket bind failed: [730048] Only one usage of each socket address (protocol/network address/port) is normally permitted.  
	at org.apache.tomcat.util.net.AprEndpoint.bind(AprEndpoint.java:481)
	at org.apache.tomcat.util.net.AbstractEndpoint.init(AbstractEndpoint.java:728)
	at org.apache.coyote.AbstractProtocol.init(AbstractProtocol.java:452)
	at org.apache.catalina.connector.Connector.initInternal(Connector.java:978)
	at org.apache.catalina.util.LifecycleBase.init(LifecycleBase.java:102)
	at org.apache.catalina.core.StandardService.initInternal(StandardService.java:560)
	at org.apache.catalina.util.LifecycleBase.init(LifecycleBase.java:102)
	at org.apache.catalina.core.StandardServer.initInternal(StandardServer.java:840)
	at org.apache.catalina.util.LifecycleBase.init(LifecycleBase.java:102)
	at org.apache.catalina.startup.Catalina.load(Catalina.java:654)
	at org.apache.catalina.startup.Catalina.load(Catalina.java:679)
	at sun.reflect.NativeMethodAccessorImpl.invoke0(Native Method)
	at sun.reflect.NativeMethodAccessorImpl.invoke(NativeMethodAccessorImpl.java:62)
	at sun.reflect.DelegatingMethodAccessorImpl.invoke(DelegatingMethodAccessorImpl.java:43)
	at java.lang.reflect.Method.invoke(Method.java:498)
	at org.apache.catalina.startup.Bootstrap.load(Bootstrap.java:253)
	at org.apache.catalina.startup.Bootstrap.main(Bootstrap.java:427)

Mär 16, 2018 8:00:32 PM org.apache.catalina.core.StandardService initInternal
SEVERE: Failed to initialize connector [Connector[AJP/1.3-8009]]
org.apache.catalina.LifecycleException: Failed to initialize component [Connector[AJP/1.3-8009]]
	at org.apache.catalina.util.LifecycleBase.init(LifecycleBase.java:107)
	at org.apache.catalina.core.StandardService.initInternal(StandardService.java:560)
	at org.apache.catalina.util.LifecycleBase.init(LifecycleBase.java:102)
	at org.apache.catalina.core.StandardServer.initInternal(StandardServer.java:840)
	at org.apache.catalina.util.LifecycleBase.init(LifecycleBase.java:102)
	at org.apache.catalina.startup.Catalina.load(Catalina.java:654)
	at org.apache.catalina.startup.Catalina.load(Catalina.java:679)
	at sun.reflect.NativeMethodAccessorImpl.invoke0(Native Method)
	at sun.reflect.NativeMethodAccessorImpl.invoke(NativeMethodAccessorImpl.java:62)
	at sun.reflect.DelegatingMethodAccessorImpl.invoke(DelegatingMethodAccessorImpl.java:43)
	at java.lang.reflect.Method.invoke(Method.java:498)
	at org.apache.catalina.startup.Bootstrap.load(Bootstrap.java:253)
	at org.apache.catalina.startup.Bootstrap.main(Bootstrap.java:427)
Caused by: org.apache.catalina.LifecycleException: Protocol handler initialization failed
	at org.apache.catalina.connector.Connector.initInternal(Connector.java:980)
	at org.apache.catalina.util.LifecycleBase.init(LifecycleBase.java:102)
	... 12 more
Caused by: java.lang.Exception: Socket bind failed: [730048] Only one usage of each socket address (protocol/network address/port) is normally permitted.  
	at org.apache.tomcat.util.net.AprEndpoint.bind(AprEndpoint.java:481)
	at org.apache.tomcat.util.net.AbstractEndpoint.init(AbstractEndpoint.java:728)
	at org.apache.coyote.AbstractProtocol.init(AbstractProtocol.java:452)
	at org.apache.catalina.connector.Connector.initInternal(Connector.java:978)
	... 13 more

Mär 16, 2018 8:00:32 PM org.apache.catalina.startup.Catalina load
INFO: Initialization processed in 2401 ms
Mär 16, 2018 8:00:32 PM org.apache.catalina.core.StandardService startInternal
INFO: Starting service Catalina
Mär 16, 2018 8:00:32 PM org.apache.catalina.core.StandardEngine startInternal
INFO: Starting Servlet Engine: Apache Tomcat/7.0.85
Mär 16, 2018 8:00:32 PM org.apache.catalina.startup.HostConfig deployDirectory
INFO: Deploying web application directory C:\Users\Mark\Dev\workspace\WC\apache-tomcat-8001\webapps\examples
Mär 16, 2018 8:00:35 PM org.apache.catalina.util.SessionIdGeneratorBase createSecureRandom
WARNING: Creation of SecureRandom instance for session ID generation using [SHA1PRNG] took [1,153] milliseconds.
Mär 16, 2018 8:00:35 PM org.apache.catalina.startup.HostConfig deployDirectory
INFO: Deployment of web application directory C:\Users\Mark\Dev\workspace\WC\apache-tomcat-8001\webapps\examples has finished in 2,341 ms
Mär 16, 2018 8:00:35 PM org.apache.catalina.startup.HostConfig deployDirectory
INFO: Deploying web application directory C:\Users\Mark\Dev\workspace\WC\apache-tomcat-8001\webapps\host-manager
Mär 16, 2018 8:00:35 PM org.apache.catalina.startup.HostConfig deployDirectory
INFO: Deployment of web application directory C:\Users\Mark\Dev\workspace\WC\apache-tomcat-8001\webapps\host-manager has finished in 335 ms
Mär 16, 2018 8:00:35 PM org.apache.catalina.startup.HostConfig deployDirectory
INFO: Deploying web application directory C:\Users\Mark\Dev\workspace\WC\apache-tomcat-8001\webapps\manager
Mär 16, 2018 8:00:35 PM org.apache.catalina.startup.HostConfig deployDirectory
INFO: Deployment of web application directory C:\Users\Mark\Dev\workspace\WC\apache-tomcat-8001\webapps\manager has finished in 119 ms
Mär 16, 2018 8:00:35 PM org.apache.catalina.startup.HostConfig deployDirectory
INFO: Deploying web application directory C:\Users\Mark\Dev\workspace\WC\apache-tomcat-8001\webapps\ROOT
Mär 16, 2018 8:00:35 PM org.apache.catalina.startup.HostConfig deployDirectory
INFO: Deployment of web application directory C:\Users\Mark\Dev\workspace\WC\apache-tomcat-8001\webapps\ROOT has finished in 115 ms
Mär 16, 2018 8:00:35 PM org.apache.catalina.startup.HostConfig deployDirectory
INFO: Deploying web application directory C:\Users\Mark\Dev\workspace\WC\apache-tomcat-8001\webapps\web0
Mär 16, 2018 8:00:35 PM org.apache.catalina.deploy.WebXml setVersion
WARNING: Unknown version string [4.0]. Default version will be used.
Mär 16, 2018 8:00:35 PM org.apache.catalina.startup.HostConfig deployDirectory
INFO: Deployment of web application directory C:\Users\Mark\Dev\workspace\WC\apache-tomcat-8001\webapps\web0 has finished in 119 ms
Mär 16, 2018 8:00:36 PM org.apache.coyote.AbstractProtocol start
INFO: Starting ProtocolHandler ["http-apr-8001"]
Mär 16, 2018 8:00:36 PM org.apache.catalina.startup.Catalina start
INFO: Server startup in 3191 ms
Mär 16, 2018 8:00:36 PM org.apache.catalina.core.StandardServer await
SEVERE: StandardServer.await: create[localhost:8005]: 
java.net.BindException: Address already in use: JVM_Bind
	at java.net.DualStackPlainSocketImpl.bind0(Native Method)
	at java.net.DualStackPlainSocketImpl.socketBind(DualStackPlainSocketImpl.java:106)
	at java.net.AbstractPlainSocketImpl.bind(AbstractPlainSocketImpl.java:387)
	at java.net.PlainSocketImpl.bind(PlainSocketImpl.java:190)
	at java.net.ServerSocket.bind(ServerSocket.java:375)
	at java.net.ServerSocket.<init>(ServerSocket.java:237)
	at org.apache.catalina.core.StandardServer.await(StandardServer.java:444)
	at org.apache.catalina.startup.Catalina.await(Catalina.java:793)
	at org.apache.catalina.startup.Catalina.start(Catalina.java:739)
	at sun.reflect.NativeMethodAccessorImpl.invoke0(Native Method)
	at sun.reflect.NativeMethodAccessorImpl.invoke(NativeMethodAccessorImpl.java:62)
	at sun.reflect.DelegatingMethodAccessorImpl.invoke(DelegatingMethodAccessorImpl.java:43)
	at java.lang.reflect.Method.invoke(Method.java:498)
	at org.apache.catalina.startup.Bootstrap.start(Bootstrap.java:294)
	at org.apache.catalina.startup.Bootstrap.main(Bootstrap.java:428)

Mär 16, 2018 8:00:36 PM org.apache.coyote.AbstractProtocol pause
INFO: Pausing ProtocolHandler ["http-apr-8001"]
Mär 16, 2018 8:00:36 PM org.apache.coyote.AbstractProtocol pause
INFO: Pausing ProtocolHandler ["ajp-apr-8009"]
Mär 16, 2018 8:00:36 PM org.apache.catalina.core.StandardService stopInternal
INFO: Stopping service Catalina
Mär 16, 2018 8:00:36 PM org.apache.coyote.AbstractProtocol stop
INFO: Stopping ProtocolHandler ["http-apr-8001"]
Mär 16, 2018 8:00:36 PM org.apache.coyote.AbstractProtocol destroy
INFO: Destroying ProtocolHandler ["http-apr-8001"]
Mär 16, 2018 8:00:36 PM org.apache.coyote.AbstractProtocol stop
INFO: Stopping ProtocolHandler ["ajp-apr-8009"]
Mär 16, 2018 8:00:36 PM org.apache.coyote.AbstractProtocol destroy
INFO: Destroying ProtocolHandler ["ajp-apr-8009"]
Mär 16, 2018 8:02:52 PM org.apache.catalina.startup.VersionLoggerListener log
INFO: Server version:        Apache Tomcat/7.0.85
Mär 16, 2018 8:02:52 PM org.apache.catalina.startup.VersionLoggerListener log
INFO: Server built:          Feb 7 2018 18:52:33 UTC
Mär 16, 2018 8:02:52 PM org.apache.catalina.startup.VersionLoggerListener log
INFO: Server number:         7.0.85.0
Mär 16, 2018 8:02:52 PM org.apache.catalina.startup.VersionLoggerListener log
INFO: OS Name:               Windows 8
Mär 16, 2018 8:02:52 PM org.apache.catalina.startup.VersionLoggerListener log
INFO: OS Version:            6.2
Mär 16, 2018 8:02:52 PM org.apache.catalina.startup.VersionLoggerListener log
INFO: Architecture:          amd64
Mär 16, 2018 8:02:52 PM org.apache.catalina.startup.VersionLoggerListener log
INFO: Java Home:             C:\Program Files\Java\jdk1.8.0_131\jre
Mär 16, 2018 8:02:52 PM org.apache.catalina.startup.VersionLoggerListener log
INFO: JVM Version:           1.8.0_131-b11
Mär 16, 2018 8:02:52 PM org.apache.catalina.startup.VersionLoggerListener log
INFO: JVM Vendor:            Oracle Corporation
Mär 16, 2018 8:02:52 PM org.apache.catalina.startup.VersionLoggerListener log
INFO: CATALINA_BASE:         C:\Users\Mark\Dev\workspace\WC\apache-tomcat-8001
Mär 16, 2018 8:02:52 PM org.apache.catalina.startup.VersionLoggerListener log
INFO: CATALINA_HOME:         C:\Users\Mark\Dev\workspace\WC\apache-tomcat-8001
Mär 16, 2018 8:02:52 PM org.apache.catalina.startup.VersionLoggerListener log
INFO: Command line argument: -Djava.util.logging.config.file=C:\Users\Mark\Dev\workspace\WC\apache-tomcat-8001\conf\logging.properties
Mär 16, 2018 8:02:52 PM org.apache.catalina.startup.VersionLoggerListener log
INFO: Command line argument: -Djava.util.logging.manager=org.apache.juli.ClassLoaderLogManager
Mär 16, 2018 8:02:52 PM org.apache.catalina.startup.VersionLoggerListener log
INFO: Command line argument: -Djdk.tls.ephemeralDHKeySize=2048
Mär 16, 2018 8:02:52 PM org.apache.catalina.startup.VersionLoggerListener log
INFO: Command line argument: -Dignore.endorsed.dirs=
Mär 16, 2018 8:02:52 PM org.apache.catalina.startup.VersionLoggerListener log
INFO: Command line argument: -Dcatalina.base=C:\Users\Mark\Dev\workspace\WC\apache-tomcat-8001
Mär 16, 2018 8:02:52 PM org.apache.catalina.startup.VersionLoggerListener log
INFO: Command line argument: -Dcatalina.home=C:\Users\Mark\Dev\workspace\WC\apache-tomcat-8001
Mär 16, 2018 8:02:52 PM org.apache.catalina.startup.VersionLoggerListener log
INFO: Command line argument: -Djava.io.tmpdir=C:\Users\Mark\Dev\workspace\WC\apache-tomcat-8001\temp
Mär 16, 2018 8:02:52 PM org.apache.catalina.core.AprLifecycleListener lifecycleEvent
INFO: Loaded APR based Apache Tomcat Native library 1.2.16 using APR version 1.6.3.
Mär 16, 2018 8:02:52 PM org.apache.catalina.core.AprLifecycleListener lifecycleEvent
INFO: APR capabilities: IPv6 [true], sendfile [true], accept filters [false], random [true].
Mär 16, 2018 8:02:53 PM org.apache.catalina.core.AprLifecycleListener initializeSSL
INFO: OpenSSL successfully initialized (OpenSSL 1.0.2m  2 Nov 2017)
Mär 16, 2018 8:02:54 PM org.apache.coyote.AbstractProtocol init
INFO: Initializing ProtocolHandler ["http-apr-8001"]
Mär 16, 2018 8:02:54 PM org.apache.coyote.AbstractProtocol init
INFO: Initializing ProtocolHandler ["ajp-apr-8010"]
Mär 16, 2018 8:02:54 PM org.apache.catalina.startup.Catalina load
INFO: Initialization processed in 2545 ms
Mär 16, 2018 8:02:54 PM org.apache.catalina.core.StandardService startInternal
INFO: Starting service Catalina
Mär 16, 2018 8:02:54 PM org.apache.catalina.core.StandardEngine startInternal
INFO: Starting Servlet Engine: Apache Tomcat/7.0.85
Mär 16, 2018 8:02:54 PM org.apache.catalina.startup.HostConfig deployDirectory
INFO: Deploying web application directory C:\Users\Mark\Dev\workspace\WC\apache-tomcat-8001\webapps\examples
Mär 16, 2018 8:02:58 PM org.apache.catalina.util.SessionIdGeneratorBase createSecureRandom
WARNING: Creation of SecureRandom instance for session ID generation using [SHA1PRNG] took [1,138] milliseconds.
Mär 16, 2018 8:02:58 PM org.apache.catalina.startup.HostConfig deployDirectory
INFO: Deployment of web application directory C:\Users\Mark\Dev\workspace\WC\apache-tomcat-8001\webapps\examples has finished in 3,920 ms
Mär 16, 2018 8:02:58 PM org.apache.catalina.startup.HostConfig deployDirectory
INFO: Deploying web application directory C:\Users\Mark\Dev\workspace\WC\apache-tomcat-8001\webapps\host-manager
Mär 16, 2018 8:02:58 PM org.apache.catalina.startup.HostConfig deployDirectory
INFO: Deployment of web application directory C:\Users\Mark\Dev\workspace\WC\apache-tomcat-8001\webapps\host-manager has finished in 321 ms
Mär 16, 2018 8:02:58 PM org.apache.catalina.startup.HostConfig deployDirectory
INFO: Deploying web application directory C:\Users\Mark\Dev\workspace\WC\apache-tomcat-8001\webapps\manager
Mär 16, 2018 8:02:58 PM org.apache.catalina.startup.HostConfig deployDirectory
INFO: Deployment of web application directory C:\Users\Mark\Dev\workspace\WC\apache-tomcat-8001\webapps\manager has finished in 165 ms
Mär 16, 2018 8:02:58 PM org.apache.catalina.startup.HostConfig deployDirectory
INFO: Deploying web application directory C:\Users\Mark\Dev\workspace\WC\apache-tomcat-8001\webapps\ROOT
Mär 16, 2018 8:02:58 PM org.apache.catalina.startup.HostConfig deployDirectory
INFO: Deployment of web application directory C:\Users\Mark\Dev\workspace\WC\apache-tomcat-8001\webapps\ROOT has finished in 122 ms
Mär 16, 2018 8:02:58 PM org.apache.catalina.startup.HostConfig deployDirectory
INFO: Deploying web application directory C:\Users\Mark\Dev\workspace\WC\apache-tomcat-8001\webapps\web0
Mär 16, 2018 8:02:58 PM org.apache.catalina.deploy.WebXml setVersion
WARNING: Unknown version string [4.0]. Default version will be used.
Mär 16, 2018 8:02:58 PM org.apache.catalina.startup.HostConfig deployDirectory
INFO: Deployment of web application directory C:\Users\Mark\Dev\workspace\WC\apache-tomcat-8001\webapps\web0 has finished in 98 ms
Mär 16, 2018 8:02:58 PM org.apache.coyote.AbstractProtocol start
INFO: Starting ProtocolHandler ["http-apr-8001"]
Mär 16, 2018 8:02:58 PM org.apache.coyote.AbstractProtocol start
INFO: Starting ProtocolHandler ["ajp-apr-8010"]
Mär 16, 2018 8:02:58 PM org.apache.catalina.startup.Catalina start
INFO: Server startup in 4857 ms
