13-Mar-2018 12:02:39.137 INFORMATION [Thread-5] org.apache.coyote.AbstractProtocol.pause Pausing ProtocolHandler ["http-nio-8080"]
13-Mar-2018 12:02:39.258 INFORMATION [Thread-5] org.apache.coyote.AbstractProtocol.pause Pausing ProtocolHandler ["ajp-nio-8009"]
13-Mar-2018 12:02:39.325 INFORMATION [Thread-5] org.apache.catalina.core.StandardService.stopInternal Stopping service [Catalina]
13-Mar-2018 12:02:39.359 INFORMATION [Thread-5] org.apache.coyote.AbstractProtocol.stop Stopping ProtocolHandler ["http-nio-8080"]
13-Mar-2018 12:02:39.362 INFORMATION [Thread-5] org.apache.coyote.AbstractProtocol.stop Stopping ProtocolHandler ["ajp-nio-8009"]
13-Mar-2018 12:02:39.364 INFORMATION [Thread-5] org.apache.coyote.AbstractProtocol.destroy Destroying ProtocolHandler ["http-nio-8080"]
13-Mar-2018 12:02:39.365 INFORMATION [Thread-5] org.apache.coyote.AbstractProtocol.destroy Destroying ProtocolHandler ["ajp-nio-8009"]
13-Mar-2018 12:02:43.073 INFORMATION [main] org.apache.catalina.startup.VersionLoggerListener.log Server version:        Apache Tomcat/9.0.6
13-Mar-2018 12:02:43.087 INFORMATION [main] org.apache.catalina.startup.VersionLoggerListener.log Server built:          Mar 5 2018 09:34:35 UTC
13-Mar-2018 12:02:43.087 INFORMATION [main] org.apache.catalina.startup.VersionLoggerListener.log Server number:         9.0.6.0
13-Mar-2018 12:02:43.087 INFORMATION [main] org.apache.catalina.startup.VersionLoggerListener.log OS Name:               Windows 10
13-Mar-2018 12:02:43.088 INFORMATION [main] org.apache.catalina.startup.VersionLoggerListener.log OS Version:            10.0
13-Mar-2018 12:02:43.090 INFORMATION [main] org.apache.catalina.startup.VersionLoggerListener.log Architecture:          amd64
13-Mar-2018 12:02:43.090 INFORMATION [main] org.apache.catalina.startup.VersionLoggerListener.log Java Home:             C:\Program Files\Java\jdk1.8.0_151\jre
13-Mar-2018 12:02:43.090 INFORMATION [main] org.apache.catalina.startup.VersionLoggerListener.log JVM Version:           1.8.0_151-b12
13-Mar-2018 12:02:43.090 INFORMATION [main] org.apache.catalina.startup.VersionLoggerListener.log JVM Vendor:            Oracle Corporation
13-Mar-2018 12:02:43.091 INFORMATION [main] org.apache.catalina.startup.VersionLoggerListener.log CATALINA_BASE:         C:\Users\marke\workspace\web\apache-tomcat-9.0.6
13-Mar-2018 12:02:43.091 INFORMATION [main] org.apache.catalina.startup.VersionLoggerListener.log CATALINA_HOME:         C:\Users\marke\workspace\web\apache-tomcat-9.0.6
13-Mar-2018 12:02:43.091 INFORMATION [main] org.apache.catalina.startup.VersionLoggerListener.log Command line argument: -Djava.util.logging.config.file=C:\Users\marke\workspace\web\apache-tomcat-9.0.6\conf\logging.properties
13-Mar-2018 12:02:43.091 INFORMATION [main] org.apache.catalina.startup.VersionLoggerListener.log Command line argument: -Djava.util.logging.manager=org.apache.juli.ClassLoaderLogManager
13-Mar-2018 12:02:43.091 INFORMATION [main] org.apache.catalina.startup.VersionLoggerListener.log Command line argument: -Djdk.tls.ephemeralDHKeySize=2048
13-Mar-2018 12:02:43.091 INFORMATION [main] org.apache.catalina.startup.VersionLoggerListener.log Command line argument: -Djava.protocol.handler.pkgs=org.apache.catalina.webresources
13-Mar-2018 12:02:43.091 INFORMATION [main] org.apache.catalina.startup.VersionLoggerListener.log Command line argument: -Dignore.endorsed.dirs=
13-Mar-2018 12:02:43.092 INFORMATION [main] org.apache.catalina.startup.VersionLoggerListener.log Command line argument: -Dcatalina.base=C:\Users\marke\workspace\web\apache-tomcat-9.0.6
13-Mar-2018 12:02:43.092 INFORMATION [main] org.apache.catalina.startup.VersionLoggerListener.log Command line argument: -Dcatalina.home=C:\Users\marke\workspace\web\apache-tomcat-9.0.6
13-Mar-2018 12:02:43.092 INFORMATION [main] org.apache.catalina.startup.VersionLoggerListener.log Command line argument: -Djava.io.tmpdir=C:\Users\marke\workspace\web\apache-tomcat-9.0.6\temp
13-Mar-2018 12:02:43.093 INFORMATION [main] org.apache.catalina.core.AprLifecycleListener.lifecycleEvent Loaded APR based Apache Tomcat Native library [1.2.16] using APR version [1.6.3].
13-Mar-2018 12:02:43.093 INFORMATION [main] org.apache.catalina.core.AprLifecycleListener.lifecycleEvent APR capabilities: IPv6 [true], sendfile [true], accept filters [false], random [true].
13-Mar-2018 12:02:43.093 INFORMATION [main] org.apache.catalina.core.AprLifecycleListener.lifecycleEvent APR/OpenSSL configuration: useAprConnector [false], useOpenSSL [true]
13-Mar-2018 12:02:43.711 INFORMATION [main] org.apache.catalina.core.AprLifecycleListener.initializeSSL OpenSSL successfully initialized [OpenSSL 1.0.2m  2 Nov 2017]
13-Mar-2018 12:02:44.186 INFORMATION [main] org.apache.coyote.AbstractProtocol.init Initializing ProtocolHandler ["http-nio-8080"]
13-Mar-2018 12:02:44.295 INFORMATION [main] org.apache.tomcat.util.net.NioSelectorPool.getSharedSelector Using a shared selector for servlet write/read
13-Mar-2018 12:02:44.307 INFORMATION [main] org.apache.coyote.AbstractProtocol.init Initializing ProtocolHandler ["ajp-nio-8009"]
13-Mar-2018 12:02:44.309 INFORMATION [main] org.apache.tomcat.util.net.NioSelectorPool.getSharedSelector Using a shared selector for servlet write/read
13-Mar-2018 12:02:44.310 INFORMATION [main] org.apache.catalina.startup.Catalina.load Initialization processed in 1571 ms
13-Mar-2018 12:02:44.343 INFORMATION [main] org.apache.catalina.core.StandardService.startInternal Starting service [Catalina]
13-Mar-2018 12:02:44.344 INFORMATION [main] org.apache.catalina.core.StandardEngine.startInternal Starting Servlet Engine: Apache Tomcat/9.0.6
13-Mar-2018 12:02:44.355 INFORMATION [main] org.apache.catalina.startup.HostConfig.deployDirectory Deploying web application directory [C:\Users\marke\workspace\web\apache-tomcat-9.0.6\webapps\docs]
13-Mar-2018 12:02:44.662 INFORMATION [main] org.apache.jasper.servlet.TldScanner.scanJars At least one JAR was scanned for TLDs yet contained no TLDs. Enable debug logging for this logger for a complete list of JARs that were scanned but no TLDs were found in them. Skipping unneeded JARs during scanning can improve startup time and JSP compilation time.
13-Mar-2018 12:02:44.705 INFORMATION [main] org.apache.catalina.startup.HostConfig.deployDirectory Deployment of web application directory [C:\Users\marke\workspace\web\apache-tomcat-9.0.6\webapps\docs] has finished in [350] ms
13-Mar-2018 12:02:44.705 INFORMATION [main] org.apache.catalina.startup.HostConfig.deployDirectory Deploying web application directory [C:\Users\marke\workspace\web\apache-tomcat-9.0.6\webapps\examples]
13-Mar-2018 12:02:45.542 INFORMATION [main] org.apache.jasper.servlet.TldScanner.scanJars At least one JAR was scanned for TLDs yet contained no TLDs. Enable debug logging for this logger for a complete list of JARs that were scanned but no TLDs were found in them. Skipping unneeded JARs during scanning can improve startup time and JSP compilation time.
13-Mar-2018 12:02:45.583 INFORMATION [main] org.apache.catalina.startup.HostConfig.deployDirectory Deployment of web application directory [C:\Users\marke\workspace\web\apache-tomcat-9.0.6\webapps\examples] has finished in [878] ms
13-Mar-2018 12:02:45.584 INFORMATION [main] org.apache.catalina.startup.HostConfig.deployDirectory Deploying web application directory [C:\Users\marke\workspace\web\apache-tomcat-9.0.6\webapps\host-manager]
13-Mar-2018 12:02:45.651 INFORMATION [main] org.apache.jasper.servlet.TldScanner.scanJars At least one JAR was scanned for TLDs yet contained no TLDs. Enable debug logging for this logger for a complete list of JARs that were scanned but no TLDs were found in them. Skipping unneeded JARs during scanning can improve startup time and JSP compilation time.
13-Mar-2018 12:02:45.656 INFORMATION [main] org.apache.catalina.startup.HostConfig.deployDirectory Deployment of web application directory [C:\Users\marke\workspace\web\apache-tomcat-9.0.6\webapps\host-manager] has finished in [73] ms
13-Mar-2018 12:02:45.656 INFORMATION [main] org.apache.catalina.startup.HostConfig.deployDirectory Deploying web application directory [C:\Users\marke\workspace\web\apache-tomcat-9.0.6\webapps\manager]
13-Mar-2018 12:02:45.721 INFORMATION [main] org.apache.jasper.servlet.TldScanner.scanJars At least one JAR was scanned for TLDs yet contained no TLDs. Enable debug logging for this logger for a complete list of JARs that were scanned but no TLDs were found in them. Skipping unneeded JARs during scanning can improve startup time and JSP compilation time.
13-Mar-2018 12:02:45.723 INFORMATION [main] org.apache.catalina.startup.HostConfig.deployDirectory Deployment of web application directory [C:\Users\marke\workspace\web\apache-tomcat-9.0.6\webapps\manager] has finished in [67] ms
13-Mar-2018 12:02:45.723 INFORMATION [main] org.apache.catalina.startup.HostConfig.deployDirectory Deploying web application directory [C:\Users\marke\workspace\web\apache-tomcat-9.0.6\webapps\ROOT]
13-Mar-2018 12:02:45.763 INFORMATION [main] org.apache.jasper.servlet.TldScanner.scanJars At least one JAR was scanned for TLDs yet contained no TLDs. Enable debug logging for this logger for a complete list of JARs that were scanned but no TLDs were found in them. Skipping unneeded JARs during scanning can improve startup time and JSP compilation time.
13-Mar-2018 12:02:45.765 INFORMATION [main] org.apache.catalina.startup.HostConfig.deployDirectory Deployment of web application directory [C:\Users\marke\workspace\web\apache-tomcat-9.0.6\webapps\ROOT] has finished in [42] ms
13-Mar-2018 12:02:45.766 INFORMATION [main] org.apache.catalina.startup.HostConfig.deployDirectory Deploying web application directory [C:\Users\marke\workspace\web\apache-tomcat-9.0.6\webapps\web0]
13-Mar-2018 12:02:45.812 INFORMATION [main] org.apache.jasper.servlet.TldScanner.scanJars At least one JAR was scanned for TLDs yet contained no TLDs. Enable debug logging for this logger for a complete list of JARs that were scanned but no TLDs were found in them. Skipping unneeded JARs during scanning can improve startup time and JSP compilation time.
13-Mar-2018 12:02:45.814 INFORMATION [main] org.apache.catalina.startup.HostConfig.deployDirectory Deployment of web application directory [C:\Users\marke\workspace\web\apache-tomcat-9.0.6\webapps\web0] has finished in [48] ms
13-Mar-2018 12:02:45.817 INFORMATION [main] org.apache.coyote.AbstractProtocol.start Starting ProtocolHandler ["http-nio-8080"]
13-Mar-2018 12:02:45.826 INFORMATION [main] org.apache.coyote.AbstractProtocol.start Starting ProtocolHandler ["ajp-nio-8009"]
13-Mar-2018 12:02:45.829 INFORMATION [main] org.apache.catalina.startup.Catalina.start Server startup in 1518 ms
13-Mar-2018 20:08:58.387 INFORMATION [ContainerBackgroundProcessor[StandardEngine[Catalina]]] org.apache.catalina.startup.HostConfig.undeploy Undeploying context [/docs]
