11-Mar-2018 13:53:24.934 INFORMATION [main] org.apache.catalina.core.ApplicationContext.log ContextListener: contextInitialized()
11-Mar-2018 13:53:24.934 INFORMATION [main] org.apache.catalina.core.ApplicationContext.log SessionListener: contextInitialized()
11-Mar-2018 13:53:24.935 INFORMATION [main] org.apache.catalina.core.ApplicationContext.log ContextListener: attributeAdded('StockTicker', 'async.Stockticker@6f03482')
11-Mar-2018 13:53:45.696 INFORMATION [Thread-5] org.apache.catalina.core.ApplicationContext.log SessionListener: contextDestroyed()
11-Mar-2018 13:53:45.696 INFORMATION [Thread-5] org.apache.catalina.core.ApplicationContext.log ContextListener: contextDestroyed()
11-Mar-2018 13:54:38.951 INFORMATION [main] org.apache.catalina.core.ApplicationContext.log ContextListener: contextInitialized()
11-Mar-2018 13:54:38.951 INFORMATION [main] org.apache.catalina.core.ApplicationContext.log SessionListener: contextInitialized()
11-Mar-2018 13:54:38.953 INFORMATION [main] org.apache.catalina.core.ApplicationContext.log ContextListener: attributeAdded('StockTicker', 'async.Stockticker@79079097')
11-Mar-2018 13:55:30.972 INFORMATION [Thread-5] org.apache.catalina.core.ApplicationContext.log SessionListener: contextDestroyed()
11-Mar-2018 13:55:30.972 INFORMATION [Thread-5] org.apache.catalina.core.ApplicationContext.log ContextListener: contextDestroyed()
11-Mar-2018 13:55:35.241 INFORMATION [main] org.apache.catalina.core.ApplicationContext.log ContextListener: contextInitialized()
11-Mar-2018 13:55:35.241 INFORMATION [main] org.apache.catalina.core.ApplicationContext.log SessionListener: contextInitialized()
11-Mar-2018 13:55:35.243 INFORMATION [main] org.apache.catalina.core.ApplicationContext.log ContextListener: attributeAdded('StockTicker', 'async.Stockticker@15de0b3c')
11-Mar-2018 13:58:24.964 INFORMATION [Thread-5] org.apache.catalina.core.ApplicationContext.log SessionListener: contextDestroyed()
11-Mar-2018 13:58:24.964 INFORMATION [Thread-5] org.apache.catalina.core.ApplicationContext.log ContextListener: contextDestroyed()
11-Mar-2018 14:03:09.076 INFORMATION [main] org.apache.catalina.core.ApplicationContext.log ContextListener: contextInitialized()
11-Mar-2018 14:03:09.076 INFORMATION [main] org.apache.catalina.core.ApplicationContext.log SessionListener: contextInitialized()
11-Mar-2018 14:03:09.076 INFORMATION [main] org.apache.catalina.core.ApplicationContext.log ContextListener: attributeAdded('StockTicker', 'async.Stockticker@15de0b3c')
11-Mar-2018 14:05:07.952 INFORMATION [Thread-5] org.apache.catalina.core.ApplicationContext.log SessionListener: contextDestroyed()
11-Mar-2018 14:05:07.952 INFORMATION [Thread-5] org.apache.catalina.core.ApplicationContext.log ContextListener: contextDestroyed()
11-Mar-2018 14:05:12.358 INFORMATION [main] org.apache.catalina.core.ApplicationContext.log ContextListener: contextInitialized()
11-Mar-2018 14:05:12.358 INFORMATION [main] org.apache.catalina.core.ApplicationContext.log SessionListener: contextInitialized()
11-Mar-2018 14:05:12.374 INFORMATION [main] org.apache.catalina.core.ApplicationContext.log ContextListener: attributeAdded('StockTicker', 'async.Stockticker@15de0b3c')
11-Mar-2018 14:05:21.702 INFORMATION [http-nio-8080-exec-3] org.apache.catalina.core.ApplicationContext.log Marking servlet [HelloWorldExample] as unavailable
11-Mar-2018 14:05:21.703 SCHWERWIEGEND [http-nio-8080-exec-3] org.apache.catalina.core.StandardWrapperValve.invoke Allocate exception for servlet [HelloWorldExample]
 java.lang.ClassNotFoundException: HelloWorldExample
	at org.apache.catalina.loader.WebappClassLoaderBase.loadClass(WebappClassLoaderBase.java:1275)
	at org.apache.catalina.loader.WebappClassLoaderBase.loadClass(WebappClassLoaderBase.java:1104)
	at org.apache.catalina.core.DefaultInstanceManager.loadClass(DefaultInstanceManager.java:540)
	at org.apache.catalina.core.DefaultInstanceManager.loadClassMaybePrivileged(DefaultInstanceManager.java:521)
	at org.apache.catalina.core.DefaultInstanceManager.newInstance(DefaultInstanceManager.java:150)
	at org.apache.catalina.core.StandardWrapper.loadServlet(StandardWrapper.java:1032)
	at org.apache.catalina.core.StandardWrapper.allocate(StandardWrapper.java:761)
	at org.apache.catalina.core.StandardWrapperValve.invoke(StandardWrapperValve.java:133)
	at org.apache.catalina.core.StandardContextValve.invoke(StandardContextValve.java:96)
	at org.apache.catalina.authenticator.AuthenticatorBase.invoke(AuthenticatorBase.java:494)
	at org.apache.catalina.core.StandardHostValve.invoke(StandardHostValve.java:137)
	at org.apache.catalina.valves.ErrorReportValve.invoke(ErrorReportValve.java:92)
	at org.apache.catalina.valves.AbstractAccessLogValve.invoke(AbstractAccessLogValve.java:651)
	at org.apache.catalina.core.StandardEngineValve.invoke(StandardEngineValve.java:87)
	at org.apache.catalina.connector.CoyoteAdapter.service(CoyoteAdapter.java:343)
	at org.apache.coyote.http11.Http11Processor.service(Http11Processor.java:407)
	at org.apache.coyote.AbstractProcessorLight.process(AbstractProcessorLight.java:66)
	at org.apache.coyote.AbstractProtocol$ConnectionHandler.process(AbstractProtocol.java:754)
	at org.apache.tomcat.util.net.NioEndpoint$SocketProcessor.doRun(NioEndpoint.java:1376)
	at org.apache.tomcat.util.net.SocketProcessorBase.run(SocketProcessorBase.java:49)
	at java.util.concurrent.ThreadPoolExecutor.runWorker(ThreadPoolExecutor.java:1149)
	at java.util.concurrent.ThreadPoolExecutor$Worker.run(ThreadPoolExecutor.java:624)
	at org.apache.tomcat.util.threads.TaskThread$WrappingRunnable.run(TaskThread.java:61)
	at java.lang.Thread.run(Thread.java:748)

11-Mar-2018 14:06:56.373 INFORMATION [Thread-5] org.apache.catalina.core.ApplicationContext.log SessionListener: contextDestroyed()
11-Mar-2018 14:06:56.373 INFORMATION [Thread-5] org.apache.catalina.core.ApplicationContext.log ContextListener: contextDestroyed()
11-Mar-2018 14:07:00.733 INFORMATION [main] org.apache.catalina.core.ApplicationContext.log ContextListener: contextInitialized()
11-Mar-2018 14:07:00.733 INFORMATION [main] org.apache.catalina.core.ApplicationContext.log SessionListener: contextInitialized()
11-Mar-2018 14:07:00.733 INFORMATION [main] org.apache.catalina.core.ApplicationContext.log ContextListener: attributeAdded('StockTicker', 'async.Stockticker@15de0b3c')
11-Mar-2018 14:07:22.419 INFORMATION [http-nio-8080-exec-5] org.apache.catalina.core.ApplicationContext.log Marking servlet [HelloWorldExample] as unavailable
11-Mar-2018 14:07:22.419 SCHWERWIEGEND [http-nio-8080-exec-5] org.apache.catalina.core.StandardWrapperValve.invoke Allocate exception for servlet [HelloWorldExample]
 java.lang.ClassNotFoundException: HelloWorldExample
	at org.apache.catalina.loader.WebappClassLoaderBase.loadClass(WebappClassLoaderBase.java:1275)
	at org.apache.catalina.loader.WebappClassLoaderBase.loadClass(WebappClassLoaderBase.java:1104)
	at org.apache.catalina.core.DefaultInstanceManager.loadClass(DefaultInstanceManager.java:540)
	at org.apache.catalina.core.DefaultInstanceManager.loadClassMaybePrivileged(DefaultInstanceManager.java:521)
	at org.apache.catalina.core.DefaultInstanceManager.newInstance(DefaultInstanceManager.java:150)
	at org.apache.catalina.core.StandardWrapper.loadServlet(StandardWrapper.java:1032)
	at org.apache.catalina.core.StandardWrapper.allocate(StandardWrapper.java:761)
	at org.apache.catalina.core.StandardWrapperValve.invoke(StandardWrapperValve.java:133)
	at org.apache.catalina.core.StandardContextValve.invoke(StandardContextValve.java:96)
	at org.apache.catalina.authenticator.AuthenticatorBase.invoke(AuthenticatorBase.java:494)
	at org.apache.catalina.core.StandardHostValve.invoke(StandardHostValve.java:137)
	at org.apache.catalina.valves.ErrorReportValve.invoke(ErrorReportValve.java:92)
	at org.apache.catalina.valves.AbstractAccessLogValve.invoke(AbstractAccessLogValve.java:651)
	at org.apache.catalina.core.StandardEngineValve.invoke(StandardEngineValve.java:87)
	at org.apache.catalina.connector.CoyoteAdapter.service(CoyoteAdapter.java:343)
	at org.apache.coyote.http11.Http11Processor.service(Http11Processor.java:407)
	at org.apache.coyote.AbstractProcessorLight.process(AbstractProcessorLight.java:66)
	at org.apache.coyote.AbstractProtocol$ConnectionHandler.process(AbstractProtocol.java:754)
	at org.apache.tomcat.util.net.NioEndpoint$SocketProcessor.doRun(NioEndpoint.java:1376)
	at org.apache.tomcat.util.net.SocketProcessorBase.run(SocketProcessorBase.java:49)
	at java.util.concurrent.ThreadPoolExecutor.runWorker(ThreadPoolExecutor.java:1149)
	at java.util.concurrent.ThreadPoolExecutor$Worker.run(ThreadPoolExecutor.java:624)
	at org.apache.tomcat.util.threads.TaskThread$WrappingRunnable.run(TaskThread.java:61)
	at java.lang.Thread.run(Thread.java:748)

11-Mar-2018 14:08:08.131 SCHWERWIEGEND [http-nio-8080-exec-5] org.apache.catalina.core.StandardWrapperValve.invoke Servlet.service() for servlet [HelloWorldExample] in context with path [/web0] threw exception
 java.util.MissingResourceException: Can't find bundle for base name LocalStrings, locale de_DE
	at java.util.ResourceBundle.throwMissingResourceException(ResourceBundle.java:1564)
	at java.util.ResourceBundle.getBundleImpl(ResourceBundle.java:1387)
	at java.util.ResourceBundle.getBundle(ResourceBundle.java:845)
	at web.HelloWorldExample.doGet(HelloWorldExample.java:44)
	at javax.servlet.http.HttpServlet.service(HttpServlet.java:634)
	at javax.servlet.http.HttpServlet.service(HttpServlet.java:741)
	at org.apache.catalina.core.ApplicationFilterChain.internalDoFilter(ApplicationFilterChain.java:231)
	at org.apache.catalina.core.ApplicationFilterChain.doFilter(ApplicationFilterChain.java:166)
	at org.apache.tomcat.websocket.server.WsFilter.doFilter(WsFilter.java:53)
	at org.apache.catalina.core.ApplicationFilterChain.internalDoFilter(ApplicationFilterChain.java:193)
	at org.apache.catalina.core.ApplicationFilterChain.doFilter(ApplicationFilterChain.java:166)
	at org.apache.catalina.core.StandardWrapperValve.invoke(StandardWrapperValve.java:199)
	at org.apache.catalina.core.StandardContextValve.invoke(StandardContextValve.java:96)
	at org.apache.catalina.authenticator.AuthenticatorBase.invoke(AuthenticatorBase.java:494)
	at org.apache.catalina.core.StandardHostValve.invoke(StandardHostValve.java:137)
	at org.apache.catalina.valves.ErrorReportValve.invoke(ErrorReportValve.java:92)
	at org.apache.catalina.valves.AbstractAccessLogValve.invoke(AbstractAccessLogValve.java:651)
	at org.apache.catalina.core.StandardEngineValve.invoke(StandardEngineValve.java:87)
	at org.apache.catalina.connector.CoyoteAdapter.service(CoyoteAdapter.java:343)
	at org.apache.coyote.http11.Http11Processor.service(Http11Processor.java:407)
	at org.apache.coyote.AbstractProcessorLight.process(AbstractProcessorLight.java:66)
	at org.apache.coyote.AbstractProtocol$ConnectionHandler.process(AbstractProtocol.java:754)
	at org.apache.tomcat.util.net.NioEndpoint$SocketProcessor.doRun(NioEndpoint.java:1376)
	at org.apache.tomcat.util.net.SocketProcessorBase.run(SocketProcessorBase.java:49)
	at java.util.concurrent.ThreadPoolExecutor.runWorker(ThreadPoolExecutor.java:1149)
	at java.util.concurrent.ThreadPoolExecutor$Worker.run(ThreadPoolExecutor.java:624)
	at org.apache.tomcat.util.threads.TaskThread$WrappingRunnable.run(TaskThread.java:61)
	at java.lang.Thread.run(Thread.java:748)

11-Mar-2018 14:10:17.170 INFORMATION [Thread-5] org.apache.catalina.core.ApplicationContext.log SessionListener: contextDestroyed()
11-Mar-2018 14:10:17.170 INFORMATION [Thread-5] org.apache.catalina.core.ApplicationContext.log ContextListener: contextDestroyed()
11-Mar-2018 14:10:22.780 INFORMATION [main] org.apache.catalina.core.ApplicationContext.log ContextListener: contextInitialized()
11-Mar-2018 14:10:22.780 INFORMATION [main] org.apache.catalina.core.ApplicationContext.log SessionListener: contextInitialized()
11-Mar-2018 14:10:22.796 INFORMATION [main] org.apache.catalina.core.ApplicationContext.log ContextListener: attributeAdded('StockTicker', 'async.Stockticker@15de0b3c')
11-Mar-2018 14:16:32.341 INFORMATION [Thread-5] org.apache.catalina.core.ApplicationContext.log SessionListener: contextDestroyed()
11-Mar-2018 14:16:32.356 INFORMATION [Thread-5] org.apache.catalina.core.ApplicationContext.log ContextListener: contextDestroyed()
11-Mar-2018 14:16:37.217 INFORMATION [main] org.apache.catalina.core.ApplicationContext.log ContextListener: contextInitialized()
11-Mar-2018 14:16:37.217 INFORMATION [main] org.apache.catalina.core.ApplicationContext.log SessionListener: contextInitialized()
11-Mar-2018 14:16:37.217 INFORMATION [main] org.apache.catalina.core.ApplicationContext.log ContextListener: attributeAdded('StockTicker', 'async.Stockticker@15de0b3c')
11-Mar-2018 14:16:43.290 INFORMATION [http-nio-8080-exec-4] org.apache.catalina.core.ApplicationContext.log Marking servlet [HelloWorldExample] as unavailable
11-Mar-2018 14:16:43.290 SCHWERWIEGEND [http-nio-8080-exec-4] org.apache.catalina.core.StandardWrapperValve.invoke Allocate exception for servlet [HelloWorldExample]
 java.lang.ClassNotFoundException: web.HelloWorldExample
	at org.apache.catalina.loader.WebappClassLoaderBase.loadClass(WebappClassLoaderBase.java:1275)
	at org.apache.catalina.loader.WebappClassLoaderBase.loadClass(WebappClassLoaderBase.java:1104)
	at org.apache.catalina.core.DefaultInstanceManager.loadClass(DefaultInstanceManager.java:540)
	at org.apache.catalina.core.DefaultInstanceManager.loadClassMaybePrivileged(DefaultInstanceManager.java:521)
	at org.apache.catalina.core.DefaultInstanceManager.newInstance(DefaultInstanceManager.java:150)
	at org.apache.catalina.core.StandardWrapper.loadServlet(StandardWrapper.java:1032)
	at org.apache.catalina.core.StandardWrapper.allocate(StandardWrapper.java:761)
	at org.apache.catalina.core.StandardWrapperValve.invoke(StandardWrapperValve.java:133)
	at org.apache.catalina.core.StandardContextValve.invoke(StandardContextValve.java:96)
	at org.apache.catalina.authenticator.AuthenticatorBase.invoke(AuthenticatorBase.java:494)
	at org.apache.catalina.core.StandardHostValve.invoke(StandardHostValve.java:137)
	at org.apache.catalina.valves.ErrorReportValve.invoke(ErrorReportValve.java:92)
	at org.apache.catalina.valves.AbstractAccessLogValve.invoke(AbstractAccessLogValve.java:651)
	at org.apache.catalina.core.StandardEngineValve.invoke(StandardEngineValve.java:87)
	at org.apache.catalina.connector.CoyoteAdapter.service(CoyoteAdapter.java:343)
	at org.apache.coyote.http11.Http11Processor.service(Http11Processor.java:407)
	at org.apache.coyote.AbstractProcessorLight.process(AbstractProcessorLight.java:66)
	at org.apache.coyote.AbstractProtocol$ConnectionHandler.process(AbstractProtocol.java:754)
	at org.apache.tomcat.util.net.NioEndpoint$SocketProcessor.doRun(NioEndpoint.java:1376)
	at org.apache.tomcat.util.net.SocketProcessorBase.run(SocketProcessorBase.java:49)
	at java.util.concurrent.ThreadPoolExecutor.runWorker(ThreadPoolExecutor.java:1149)
	at java.util.concurrent.ThreadPoolExecutor$Worker.run(ThreadPoolExecutor.java:624)
	at org.apache.tomcat.util.threads.TaskThread$WrappingRunnable.run(TaskThread.java:61)
	at java.lang.Thread.run(Thread.java:748)

11-Mar-2018 14:22:40.265 INFORMATION [Thread-5] org.apache.catalina.core.ApplicationContext.log SessionListener: contextDestroyed()
11-Mar-2018 14:22:40.265 INFORMATION [Thread-5] org.apache.catalina.core.ApplicationContext.log ContextListener: contextDestroyed()
11-Mar-2018 14:22:45.599 INFORMATION [main] org.apache.catalina.core.ApplicationContext.log ContextListener: contextInitialized()
11-Mar-2018 14:22:45.599 INFORMATION [main] org.apache.catalina.core.ApplicationContext.log SessionListener: contextInitialized()
11-Mar-2018 14:22:45.600 INFORMATION [main] org.apache.catalina.core.ApplicationContext.log ContextListener: attributeAdded('StockTicker', 'async.Stockticker@15de0b3c')
11-Mar-2018 14:23:01.357 SCHWERWIEGEND [http-nio-8080-exec-10] org.apache.catalina.core.StandardWrapperValve.invoke Servlet.service() for servlet [HelloWorldExample] in context with path [/web1] threw exception [Servlet execution threw an exception] with root cause
 java.lang.ClassNotFoundException: web.Util
	at org.apache.catalina.loader.WebappClassLoaderBase.loadClass(WebappClassLoaderBase.java:1275)
	at org.apache.catalina.loader.WebappClassLoaderBase.loadClass(WebappClassLoaderBase.java:1104)
	at web1.HelloWorldExample.doGet(HelloWorldExample.java:52)
	at javax.servlet.http.HttpServlet.service(HttpServlet.java:634)
	at javax.servlet.http.HttpServlet.service(HttpServlet.java:741)
	at org.apache.catalina.core.ApplicationFilterChain.internalDoFilter(ApplicationFilterChain.java:231)
	at org.apache.catalina.core.ApplicationFilterChain.doFilter(ApplicationFilterChain.java:166)
	at org.apache.tomcat.websocket.server.WsFilter.doFilter(WsFilter.java:53)
	at org.apache.catalina.core.ApplicationFilterChain.internalDoFilter(ApplicationFilterChain.java:193)
	at org.apache.catalina.core.ApplicationFilterChain.doFilter(ApplicationFilterChain.java:166)
	at org.apache.catalina.core.StandardWrapperValve.invoke(StandardWrapperValve.java:199)
	at org.apache.catalina.core.StandardContextValve.invoke(StandardContextValve.java:96)
	at org.apache.catalina.authenticator.AuthenticatorBase.invoke(AuthenticatorBase.java:494)
	at org.apache.catalina.core.StandardHostValve.invoke(StandardHostValve.java:137)
	at org.apache.catalina.valves.ErrorReportValve.invoke(ErrorReportValve.java:92)
	at org.apache.catalina.valves.AbstractAccessLogValve.invoke(AbstractAccessLogValve.java:651)
	at org.apache.catalina.core.StandardEngineValve.invoke(StandardEngineValve.java:87)
	at org.apache.catalina.connector.CoyoteAdapter.service(CoyoteAdapter.java:343)
	at org.apache.coyote.http11.Http11Processor.service(Http11Processor.java:407)
	at org.apache.coyote.AbstractProcessorLight.process(AbstractProcessorLight.java:66)
	at org.apache.coyote.AbstractProtocol$ConnectionHandler.process(AbstractProtocol.java:754)
	at org.apache.tomcat.util.net.NioEndpoint$SocketProcessor.doRun(NioEndpoint.java:1376)
	at org.apache.tomcat.util.net.SocketProcessorBase.run(SocketProcessorBase.java:49)
	at java.util.concurrent.ThreadPoolExecutor.runWorker(ThreadPoolExecutor.java:1149)
	at java.util.concurrent.ThreadPoolExecutor$Worker.run(ThreadPoolExecutor.java:624)
	at org.apache.tomcat.util.threads.TaskThread$WrappingRunnable.run(TaskThread.java:61)
	at java.lang.Thread.run(Thread.java:748)

11-Mar-2018 14:23:05.638 SCHWERWIEGEND [http-nio-8080-exec-8] org.apache.catalina.core.StandardWrapperValve.invoke Servlet.service() for servlet [HelloWorldExample] in context with path [/web1] threw exception [Servlet execution threw an exception] with root cause
 java.lang.NoClassDefFoundError: web/Util
	at web1.HelloWorldExample.doGet(HelloWorldExample.java:52)
	at javax.servlet.http.HttpServlet.service(HttpServlet.java:634)
	at javax.servlet.http.HttpServlet.service(HttpServlet.java:741)
	at org.apache.catalina.core.ApplicationFilterChain.internalDoFilter(ApplicationFilterChain.java:231)
	at org.apache.catalina.core.ApplicationFilterChain.doFilter(ApplicationFilterChain.java:166)
	at org.apache.tomcat.websocket.server.WsFilter.doFilter(WsFilter.java:53)
	at org.apache.catalina.core.ApplicationFilterChain.internalDoFilter(ApplicationFilterChain.java:193)
	at org.apache.catalina.core.ApplicationFilterChain.doFilter(ApplicationFilterChain.java:166)
	at org.apache.catalina.core.StandardWrapperValve.invoke(StandardWrapperValve.java:199)
	at org.apache.catalina.core.StandardContextValve.invoke(StandardContextValve.java:96)
	at org.apache.catalina.authenticator.AuthenticatorBase.invoke(AuthenticatorBase.java:494)
	at org.apache.catalina.core.StandardHostValve.invoke(StandardHostValve.java:137)
	at org.apache.catalina.valves.ErrorReportValve.invoke(ErrorReportValve.java:92)
	at org.apache.catalina.valves.AbstractAccessLogValve.invoke(AbstractAccessLogValve.java:651)
	at org.apache.catalina.core.StandardEngineValve.invoke(StandardEngineValve.java:87)
	at org.apache.catalina.connector.CoyoteAdapter.service(CoyoteAdapter.java:343)
	at org.apache.coyote.http11.Http11Processor.service(Http11Processor.java:407)
	at org.apache.coyote.AbstractProcessorLight.process(AbstractProcessorLight.java:66)
	at org.apache.coyote.AbstractProtocol$ConnectionHandler.process(AbstractProtocol.java:754)
	at org.apache.tomcat.util.net.NioEndpoint$SocketProcessor.doRun(NioEndpoint.java:1376)
	at org.apache.tomcat.util.net.SocketProcessorBase.run(SocketProcessorBase.java:49)
	at java.util.concurrent.ThreadPoolExecutor.runWorker(ThreadPoolExecutor.java:1149)
	at java.util.concurrent.ThreadPoolExecutor$Worker.run(ThreadPoolExecutor.java:624)
	at org.apache.tomcat.util.threads.TaskThread$WrappingRunnable.run(TaskThread.java:61)
	at java.lang.Thread.run(Thread.java:748)

11-Mar-2018 14:25:48.936 INFORMATION [Thread-5] org.apache.catalina.core.ApplicationContext.log SessionListener: contextDestroyed()
11-Mar-2018 14:25:48.936 INFORMATION [Thread-5] org.apache.catalina.core.ApplicationContext.log ContextListener: contextDestroyed()
11-Mar-2018 14:25:53.546 INFORMATION [main] org.apache.catalina.core.ApplicationContext.log ContextListener: contextInitialized()
11-Mar-2018 14:25:53.546 INFORMATION [main] org.apache.catalina.core.ApplicationContext.log SessionListener: contextInitialized()
11-Mar-2018 14:25:53.546 INFORMATION [main] org.apache.catalina.core.ApplicationContext.log ContextListener: attributeAdded('StockTicker', 'async.Stockticker@3857f613')
11-Mar-2018 14:25:57.012 SCHWERWIEGEND [http-nio-8080-exec-1] org.apache.catalina.core.StandardWrapperValve.invoke Servlet.service() for servlet [HelloWorldExample] in context with path [/web0] threw exception [Servlet execution threw an exception] with root cause
 java.lang.ClassNotFoundException: web.Util
	at org.apache.catalina.loader.WebappClassLoaderBase.loadClass(WebappClassLoaderBase.java:1275)
	at org.apache.catalina.loader.WebappClassLoaderBase.loadClass(WebappClassLoaderBase.java:1104)
	at web0.HelloWorldExample.doGet(HelloWorldExample.java:52)
	at javax.servlet.http.HttpServlet.service(HttpServlet.java:634)
	at javax.servlet.http.HttpServlet.service(HttpServlet.java:741)
	at org.apache.catalina.core.ApplicationFilterChain.internalDoFilter(ApplicationFilterChain.java:231)
	at org.apache.catalina.core.ApplicationFilterChain.doFilter(ApplicationFilterChain.java:166)
	at org.apache.tomcat.websocket.server.WsFilter.doFilter(WsFilter.java:53)
	at org.apache.catalina.core.ApplicationFilterChain.internalDoFilter(ApplicationFilterChain.java:193)
	at org.apache.catalina.core.ApplicationFilterChain.doFilter(ApplicationFilterChain.java:166)
	at org.apache.catalina.core.StandardWrapperValve.invoke(StandardWrapperValve.java:199)
	at org.apache.catalina.core.StandardContextValve.invoke(StandardContextValve.java:96)
	at org.apache.catalina.authenticator.AuthenticatorBase.invoke(AuthenticatorBase.java:494)
	at org.apache.catalina.core.StandardHostValve.invoke(StandardHostValve.java:137)
	at org.apache.catalina.valves.ErrorReportValve.invoke(ErrorReportValve.java:92)
	at org.apache.catalina.valves.AbstractAccessLogValve.invoke(AbstractAccessLogValve.java:651)
	at org.apache.catalina.core.StandardEngineValve.invoke(StandardEngineValve.java:87)
	at org.apache.catalina.connector.CoyoteAdapter.service(CoyoteAdapter.java:343)
	at org.apache.coyote.http11.Http11Processor.service(Http11Processor.java:407)
	at org.apache.coyote.AbstractProcessorLight.process(AbstractProcessorLight.java:66)
	at org.apache.coyote.AbstractProtocol$ConnectionHandler.process(AbstractProtocol.java:754)
	at org.apache.tomcat.util.net.NioEndpoint$SocketProcessor.doRun(NioEndpoint.java:1376)
	at org.apache.tomcat.util.net.SocketProcessorBase.run(SocketProcessorBase.java:49)
	at java.util.concurrent.ThreadPoolExecutor.runWorker(ThreadPoolExecutor.java:1149)
	at java.util.concurrent.ThreadPoolExecutor$Worker.run(ThreadPoolExecutor.java:624)
	at org.apache.tomcat.util.threads.TaskThread$WrappingRunnable.run(TaskThread.java:61)
	at java.lang.Thread.run(Thread.java:748)

11-Mar-2018 14:26:01.688 SCHWERWIEGEND [http-nio-8080-exec-3] org.apache.catalina.core.StandardWrapperValve.invoke Servlet.service() for servlet [HelloWorldExample] in context with path [/web0] threw exception [Servlet execution threw an exception] with root cause
 java.lang.NoClassDefFoundError: web/Util
	at web0.HelloWorldExample.doGet(HelloWorldExample.java:52)
	at javax.servlet.http.HttpServlet.service(HttpServlet.java:634)
	at javax.servlet.http.HttpServlet.service(HttpServlet.java:741)
	at org.apache.catalina.core.ApplicationFilterChain.internalDoFilter(ApplicationFilterChain.java:231)
	at org.apache.catalina.core.ApplicationFilterChain.doFilter(ApplicationFilterChain.java:166)
	at org.apache.tomcat.websocket.server.WsFilter.doFilter(WsFilter.java:53)
	at org.apache.catalina.core.ApplicationFilterChain.internalDoFilter(ApplicationFilterChain.java:193)
	at org.apache.catalina.core.ApplicationFilterChain.doFilter(ApplicationFilterChain.java:166)
	at org.apache.catalina.core.StandardWrapperValve.invoke(StandardWrapperValve.java:199)
	at org.apache.catalina.core.StandardContextValve.invoke(StandardContextValve.java:96)
	at org.apache.catalina.authenticator.AuthenticatorBase.invoke(AuthenticatorBase.java:494)
	at org.apache.catalina.core.StandardHostValve.invoke(StandardHostValve.java:137)
	at org.apache.catalina.valves.ErrorReportValve.invoke(ErrorReportValve.java:92)
	at org.apache.catalina.valves.AbstractAccessLogValve.invoke(AbstractAccessLogValve.java:651)
	at org.apache.catalina.core.StandardEngineValve.invoke(StandardEngineValve.java:87)
	at org.apache.catalina.connector.CoyoteAdapter.service(CoyoteAdapter.java:343)
	at org.apache.coyote.http11.Http11Processor.service(Http11Processor.java:407)
	at org.apache.coyote.AbstractProcessorLight.process(AbstractProcessorLight.java:66)
	at org.apache.coyote.AbstractProtocol$ConnectionHandler.process(AbstractProtocol.java:754)
	at org.apache.tomcat.util.net.NioEndpoint$SocketProcessor.doRun(NioEndpoint.java:1376)
	at org.apache.tomcat.util.net.SocketProcessorBase.run(SocketProcessorBase.java:49)
	at java.util.concurrent.ThreadPoolExecutor.runWorker(ThreadPoolExecutor.java:1149)
	at java.util.concurrent.ThreadPoolExecutor$Worker.run(ThreadPoolExecutor.java:624)
	at org.apache.tomcat.util.threads.TaskThread$WrappingRunnable.run(TaskThread.java:61)
	at java.lang.Thread.run(Thread.java:748)

11-Mar-2018 14:26:04.105 SCHWERWIEGEND [http-nio-8080-exec-5] org.apache.catalina.core.StandardWrapperValve.invoke Servlet.service() for servlet [HelloWorldExample] in context with path [/web1] threw exception [Servlet execution threw an exception] with root cause
 java.lang.ClassNotFoundException: web.Util
	at org.apache.catalina.loader.WebappClassLoaderBase.loadClass(WebappClassLoaderBase.java:1275)
	at org.apache.catalina.loader.WebappClassLoaderBase.loadClass(WebappClassLoaderBase.java:1104)
	at web1.HelloWorldExample.doGet(HelloWorldExample.java:52)
	at javax.servlet.http.HttpServlet.service(HttpServlet.java:634)
	at javax.servlet.http.HttpServlet.service(HttpServlet.java:741)
	at org.apache.catalina.core.ApplicationFilterChain.internalDoFilter(ApplicationFilterChain.java:231)
	at org.apache.catalina.core.ApplicationFilterChain.doFilter(ApplicationFilterChain.java:166)
	at org.apache.tomcat.websocket.server.WsFilter.doFilter(WsFilter.java:53)
	at org.apache.catalina.core.ApplicationFilterChain.internalDoFilter(ApplicationFilterChain.java:193)
	at org.apache.catalina.core.ApplicationFilterChain.doFilter(ApplicationFilterChain.java:166)
	at org.apache.catalina.core.StandardWrapperValve.invoke(StandardWrapperValve.java:199)
	at org.apache.catalina.core.StandardContextValve.invoke(StandardContextValve.java:96)
	at org.apache.catalina.authenticator.AuthenticatorBase.invoke(AuthenticatorBase.java:494)
	at org.apache.catalina.core.StandardHostValve.invoke(StandardHostValve.java:137)
	at org.apache.catalina.valves.ErrorReportValve.invoke(ErrorReportValve.java:92)
	at org.apache.catalina.valves.AbstractAccessLogValve.invoke(AbstractAccessLogValve.java:651)
	at org.apache.catalina.core.StandardEngineValve.invoke(StandardEngineValve.java:87)
	at org.apache.catalina.connector.CoyoteAdapter.service(CoyoteAdapter.java:343)
	at org.apache.coyote.http11.Http11Processor.service(Http11Processor.java:407)
	at org.apache.coyote.AbstractProcessorLight.process(AbstractProcessorLight.java:66)
	at org.apache.coyote.AbstractProtocol$ConnectionHandler.process(AbstractProtocol.java:754)
	at org.apache.tomcat.util.net.NioEndpoint$SocketProcessor.doRun(NioEndpoint.java:1376)
	at org.apache.tomcat.util.net.SocketProcessorBase.run(SocketProcessorBase.java:49)
	at java.util.concurrent.ThreadPoolExecutor.runWorker(ThreadPoolExecutor.java:1149)
	at java.util.concurrent.ThreadPoolExecutor$Worker.run(ThreadPoolExecutor.java:624)
	at org.apache.tomcat.util.threads.TaskThread$WrappingRunnable.run(TaskThread.java:61)
	at java.lang.Thread.run(Thread.java:748)

11-Mar-2018 14:28:49.780 INFORMATION [Thread-5] org.apache.catalina.core.ApplicationContext.log SessionListener: contextDestroyed()
11-Mar-2018 14:28:49.780 INFORMATION [Thread-5] org.apache.catalina.core.ApplicationContext.log ContextListener: contextDestroyed()
11-Mar-2018 14:28:53.440 INFORMATION [main] org.apache.catalina.core.ApplicationContext.log ContextListener: contextInitialized()
11-Mar-2018 14:28:53.440 INFORMATION [main] org.apache.catalina.core.ApplicationContext.log SessionListener: contextInitialized()
11-Mar-2018 14:28:53.442 INFORMATION [main] org.apache.catalina.core.ApplicationContext.log ContextListener: attributeAdded('StockTicker', 'async.Stockticker@2794eab6')
11-Mar-2018 14:29:25.250 INFORMATION [Thread-5] org.apache.catalina.core.ApplicationContext.log SessionListener: contextDestroyed()
11-Mar-2018 14:29:25.250 INFORMATION [Thread-5] org.apache.catalina.core.ApplicationContext.log ContextListener: contextDestroyed()
11-Mar-2018 14:29:29.225 INFORMATION [main] org.apache.catalina.core.ApplicationContext.log ContextListener: contextInitialized()
11-Mar-2018 14:29:29.225 INFORMATION [main] org.apache.catalina.core.ApplicationContext.log SessionListener: contextInitialized()
11-Mar-2018 14:29:29.227 INFORMATION [main] org.apache.catalina.core.ApplicationContext.log ContextListener: attributeAdded('StockTicker', 'async.Stockticker@6340e5f0')
11-Mar-2018 14:35:26.734 INFORMATION [Thread-5] org.apache.catalina.core.ApplicationContext.log SessionListener: contextDestroyed()
11-Mar-2018 14:35:26.734 INFORMATION [Thread-5] org.apache.catalina.core.ApplicationContext.log ContextListener: contextDestroyed()
11-Mar-2018 14:35:30.464 INFORMATION [main] org.apache.catalina.core.ApplicationContext.log ContextListener: contextInitialized()
11-Mar-2018 14:35:30.464 INFORMATION [main] org.apache.catalina.core.ApplicationContext.log SessionListener: contextInitialized()
11-Mar-2018 14:35:30.466 INFORMATION [main] org.apache.catalina.core.ApplicationContext.log ContextListener: attributeAdded('StockTicker', 'async.Stockticker@6340e5f0')
11-Mar-2018 14:37:44.640 INFORMATION [Thread-5] org.apache.catalina.core.ApplicationContext.log SessionListener: contextDestroyed()
11-Mar-2018 14:37:44.640 INFORMATION [Thread-5] org.apache.catalina.core.ApplicationContext.log ContextListener: contextDestroyed()
11-Mar-2018 14:38:08.295 INFORMATION [main] org.apache.catalina.core.ApplicationContext.log ContextListener: contextInitialized()
11-Mar-2018 14:38:08.295 INFORMATION [main] org.apache.catalina.core.ApplicationContext.log SessionListener: contextInitialized()
11-Mar-2018 14:38:08.295 INFORMATION [main] org.apache.catalina.core.ApplicationContext.log ContextListener: attributeAdded('StockTicker', 'async.Stockticker@6340e5f0')
11-Mar-2018 15:13:44.568 INFORMATION [Thread-5] org.apache.catalina.core.ApplicationContext.log SessionListener: contextDestroyed()
11-Mar-2018 15:13:44.568 INFORMATION [Thread-5] org.apache.catalina.core.ApplicationContext.log ContextListener: contextDestroyed()
11-Mar-2018 15:13:54.880 INFORMATION [main] org.apache.catalina.core.ApplicationContext.log ContextListener: contextInitialized()
11-Mar-2018 15:13:54.880 INFORMATION [main] org.apache.catalina.core.ApplicationContext.log SessionListener: contextInitialized()
11-Mar-2018 15:13:54.882 INFORMATION [main] org.apache.catalina.core.ApplicationContext.log ContextListener: attributeAdded('StockTicker', 'async.Stockticker@6340e5f0')
11-Mar-2018 15:16:39.311 INFORMATION [Thread-5] org.apache.catalina.core.ApplicationContext.log SessionListener: contextDestroyed()
11-Mar-2018 15:16:39.311 INFORMATION [Thread-5] org.apache.catalina.core.ApplicationContext.log ContextListener: contextDestroyed()
11-Mar-2018 15:16:43.720 INFORMATION [main] org.apache.catalina.core.ApplicationContext.log ContextListener: contextInitialized()
11-Mar-2018 15:16:43.720 INFORMATION [main] org.apache.catalina.core.ApplicationContext.log SessionListener: contextInitialized()
11-Mar-2018 15:16:43.720 INFORMATION [main] org.apache.catalina.core.ApplicationContext.log ContextListener: attributeAdded('StockTicker', 'async.Stockticker@6340e5f0')
11-Mar-2018 15:57:08.633 INFORMATION [Thread-5] org.apache.catalina.core.ApplicationContext.log SessionListener: contextDestroyed()
11-Mar-2018 15:57:08.633 INFORMATION [Thread-5] org.apache.catalina.core.ApplicationContext.log ContextListener: contextDestroyed()
11-Mar-2018 15:57:13.920 INFORMATION [main] org.apache.catalina.core.ApplicationContext.log ContextListener: contextInitialized()
11-Mar-2018 15:57:13.920 INFORMATION [main] org.apache.catalina.core.ApplicationContext.log SessionListener: contextInitialized()
11-Mar-2018 15:57:13.923 INFORMATION [main] org.apache.catalina.core.ApplicationContext.log ContextListener: attributeAdded('StockTicker', 'async.Stockticker@6340e5f0')
11-Mar-2018 16:12:00.633 INFORMATION [Thread-5] org.apache.catalina.core.ApplicationContext.log SessionListener: contextDestroyed()
11-Mar-2018 16:12:00.633 INFORMATION [Thread-5] org.apache.catalina.core.ApplicationContext.log ContextListener: contextDestroyed()
11-Mar-2018 16:12:05.191 INFORMATION [main] org.apache.catalina.core.ApplicationContext.log ContextListener: contextInitialized()
11-Mar-2018 16:12:05.191 INFORMATION [main] org.apache.catalina.core.ApplicationContext.log SessionListener: contextInitialized()
11-Mar-2018 16:12:05.192 INFORMATION [main] org.apache.catalina.core.ApplicationContext.log ContextListener: attributeAdded('StockTicker', 'async.Stockticker@6340e5f0')
11-Mar-2018 16:13:44.038 INFORMATION [Thread-5] org.apache.catalina.core.ApplicationContext.log SessionListener: contextDestroyed()
11-Mar-2018 16:13:44.038 INFORMATION [Thread-5] org.apache.catalina.core.ApplicationContext.log ContextListener: contextDestroyed()
11-Mar-2018 16:13:47.897 INFORMATION [main] org.apache.catalina.core.ApplicationContext.log ContextListener: contextInitialized()
11-Mar-2018 16:13:47.897 INFORMATION [main] org.apache.catalina.core.ApplicationContext.log SessionListener: contextInitialized()
11-Mar-2018 16:13:47.897 INFORMATION [main] org.apache.catalina.core.ApplicationContext.log ContextListener: attributeAdded('StockTicker', 'async.Stockticker@6340e5f0')
11-Mar-2018 16:18:04.465 INFORMATION [Thread-5] org.apache.catalina.core.ApplicationContext.log SessionListener: contextDestroyed()
11-Mar-2018 16:18:04.465 INFORMATION [Thread-5] org.apache.catalina.core.ApplicationContext.log ContextListener: contextDestroyed()
11-Mar-2018 16:18:10.443 INFORMATION [main] org.apache.catalina.core.ApplicationContext.log ContextListener: contextInitialized()
11-Mar-2018 16:18:10.443 INFORMATION [main] org.apache.catalina.core.ApplicationContext.log SessionListener: contextInitialized()
11-Mar-2018 16:18:10.443 INFORMATION [main] org.apache.catalina.core.ApplicationContext.log ContextListener: attributeAdded('StockTicker', 'async.Stockticker@6340e5f0')
11-Mar-2018 16:18:54.008 INFORMATION [Thread-5] org.apache.catalina.core.ApplicationContext.log SessionListener: contextDestroyed()
11-Mar-2018 16:18:54.008 INFORMATION [Thread-5] org.apache.catalina.core.ApplicationContext.log ContextListener: contextDestroyed()
11-Mar-2018 16:18:58.064 INFORMATION [main] org.apache.catalina.core.ApplicationContext.log ContextListener: contextInitialized()
11-Mar-2018 16:18:58.064 INFORMATION [main] org.apache.catalina.core.ApplicationContext.log SessionListener: contextInitialized()
11-Mar-2018 16:18:58.064 INFORMATION [main] org.apache.catalina.core.ApplicationContext.log ContextListener: attributeAdded('StockTicker', 'async.Stockticker@6340e5f0')
