Mär 16, 2018 7:30:08 PM org.apache.catalina.startup.VersionLoggerListener log
INFO: Server version:        Apache Tomcat/7.0.85
Mär 16, 2018 7:30:08 PM org.apache.catalina.startup.VersionLoggerListener log
INFO: Server built:          Feb 7 2018 18:52:33 UTC
Mär 16, 2018 7:30:08 PM org.apache.catalina.startup.VersionLoggerListener log
INFO: Server number:         7.0.85.0
Mär 16, 2018 7:30:08 PM org.apache.catalina.startup.VersionLoggerListener log
INFO: OS Name:               Windows 8
Mär 16, 2018 7:30:08 PM org.apache.catalina.startup.VersionLoggerListener log
INFO: OS Version:            6.2
Mär 16, 2018 7:30:08 PM org.apache.catalina.startup.VersionLoggerListener log
INFO: Architecture:          amd64
Mär 16, 2018 7:30:08 PM org.apache.catalina.startup.VersionLoggerListener log
INFO: Java Home:             C:\Program Files\Java\jdk1.8.0_131\jre
Mär 16, 2018 7:30:08 PM org.apache.catalina.startup.VersionLoggerListener log
INFO: JVM Version:           1.8.0_131-b11
Mär 16, 2018 7:30:08 PM org.apache.catalina.startup.VersionLoggerListener log
INFO: JVM Vendor:            Oracle Corporation
Mär 16, 2018 7:30:08 PM org.apache.catalina.startup.VersionLoggerListener log
INFO: CATALINA_BASE:         C:\Users\Mark\Dev\workspace\WC\apache-tomcat-8002
Mär 16, 2018 7:30:08 PM org.apache.catalina.startup.VersionLoggerListener log
INFO: CATALINA_HOME:         C:\Users\Mark\Dev\workspace\WC\apache-tomcat-8002
Mär 16, 2018 7:30:08 PM org.apache.catalina.startup.VersionLoggerListener log
INFO: Command line argument: -Djava.util.logging.config.file=C:\Users\Mark\Dev\workspace\WC\apache-tomcat-8002\conf\logging.properties
Mär 16, 2018 7:30:08 PM org.apache.catalina.startup.VersionLoggerListener log
INFO: Command line argument: -Djava.util.logging.manager=org.apache.juli.ClassLoaderLogManager
Mär 16, 2018 7:30:08 PM org.apache.catalina.startup.VersionLoggerListener log
INFO: Command line argument: -Djdk.tls.ephemeralDHKeySize=2048
Mär 16, 2018 7:30:08 PM org.apache.catalina.startup.VersionLoggerListener log
INFO: Command line argument: -Dignore.endorsed.dirs=
Mär 16, 2018 7:30:08 PM org.apache.catalina.startup.VersionLoggerListener log
INFO: Command line argument: -Dcatalina.base=C:\Users\Mark\Dev\workspace\WC\apache-tomcat-8002
Mär 16, 2018 7:30:08 PM org.apache.catalina.startup.VersionLoggerListener log
INFO: Command line argument: -Dcatalina.home=C:\Users\Mark\Dev\workspace\WC\apache-tomcat-8002
Mär 16, 2018 7:30:08 PM org.apache.catalina.startup.VersionLoggerListener log
INFO: Command line argument: -Djava.io.tmpdir=C:\Users\Mark\Dev\workspace\WC\apache-tomcat-8002\temp
Mär 16, 2018 7:30:08 PM org.apache.catalina.core.AprLifecycleListener lifecycleEvent
INFO: Loaded APR based Apache Tomcat Native library 1.2.16 using APR version 1.6.3.
Mär 16, 2018 7:30:08 PM org.apache.catalina.core.AprLifecycleListener lifecycleEvent
INFO: APR capabilities: IPv6 [true], sendfile [true], accept filters [false], random [true].
Mär 16, 2018 7:30:10 PM org.apache.catalina.core.AprLifecycleListener initializeSSL
INFO: OpenSSL successfully initialized (OpenSSL 1.0.2m  2 Nov 2017)
Mär 16, 2018 7:30:11 PM org.apache.coyote.AbstractProtocol init
INFO: Initializing ProtocolHandler ["http-apr-8002"]
Mär 16, 2018 7:30:11 PM org.apache.coyote.AbstractProtocol init
INFO: Initializing ProtocolHandler ["ajp-apr-8009"]
Mär 16, 2018 7:30:11 PM org.apache.catalina.startup.Catalina load
INFO: Initialization processed in 3802 ms
Mär 16, 2018 7:30:11 PM org.apache.catalina.core.StandardService startInternal
INFO: Starting service Catalina
Mär 16, 2018 7:30:11 PM org.apache.catalina.core.StandardEngine startInternal
INFO: Starting Servlet Engine: Apache Tomcat/7.0.85
Mär 16, 2018 7:30:11 PM org.apache.catalina.startup.HostConfig deployDirectory
INFO: Deploying web application directory C:\Users\Mark\Dev\workspace\WC\apache-tomcat-8002\webapps\examples
Mär 16, 2018 7:30:15 PM org.apache.catalina.util.SessionIdGeneratorBase createSecureRandom
WARNING: Creation of SecureRandom instance for session ID generation using [SHA1PRNG] took [1,191] milliseconds.
Mär 16, 2018 7:30:15 PM org.apache.catalina.startup.HostConfig deployDirectory
INFO: Deployment of web application directory C:\Users\Mark\Dev\workspace\WC\apache-tomcat-8002\webapps\examples has finished in 4,285 ms
Mär 16, 2018 7:30:15 PM org.apache.catalina.startup.HostConfig deployDirectory
INFO: Deploying web application directory C:\Users\Mark\Dev\workspace\WC\apache-tomcat-8002\webapps\host-manager
Mär 16, 2018 7:30:16 PM org.apache.catalina.startup.HostConfig deployDirectory
INFO: Deployment of web application directory C:\Users\Mark\Dev\workspace\WC\apache-tomcat-8002\webapps\host-manager has finished in 790 ms
Mär 16, 2018 7:30:16 PM org.apache.catalina.startup.HostConfig deployDirectory
INFO: Deploying web application directory C:\Users\Mark\Dev\workspace\WC\apache-tomcat-8002\webapps\manager
Mär 16, 2018 7:30:16 PM org.apache.catalina.startup.HostConfig deployDirectory
INFO: Deployment of web application directory C:\Users\Mark\Dev\workspace\WC\apache-tomcat-8002\webapps\manager has finished in 114 ms
Mär 16, 2018 7:30:16 PM org.apache.catalina.startup.HostConfig deployDirectory
INFO: Deploying web application directory C:\Users\Mark\Dev\workspace\WC\apache-tomcat-8002\webapps\ROOT
Mär 16, 2018 7:30:16 PM org.apache.catalina.startup.HostConfig deployDirectory
INFO: Deployment of web application directory C:\Users\Mark\Dev\workspace\WC\apache-tomcat-8002\webapps\ROOT has finished in 114 ms
Mär 16, 2018 7:30:16 PM org.apache.catalina.startup.HostConfig deployDirectory
INFO: Deploying web application directory C:\Users\Mark\Dev\workspace\WC\apache-tomcat-8002\webapps\web0
Mär 16, 2018 7:30:16 PM org.apache.catalina.deploy.WebXml setVersion
WARNING: Unknown version string [4.0]. Default version will be used.
Mär 16, 2018 7:30:16 PM org.apache.catalina.startup.HostConfig deployDirectory
INFO: Deployment of web application directory C:\Users\Mark\Dev\workspace\WC\apache-tomcat-8002\webapps\web0 has finished in 122 ms
Mär 16, 2018 7:30:16 PM org.apache.coyote.AbstractProtocol start
INFO: Starting ProtocolHandler ["http-apr-8002"]
Mär 16, 2018 7:30:16 PM org.apache.coyote.AbstractProtocol start
INFO: Starting ProtocolHandler ["ajp-apr-8009"]
Mär 16, 2018 7:30:17 PM org.apache.catalina.startup.Catalina start
INFO: Server startup in 5642 ms
Mär 16, 2018 7:34:57 PM org.apache.catalina.startup.HostConfig reload
INFO: Reloading context [/web0]
Mär 16, 2018 7:34:57 PM org.apache.catalina.core.StandardContext reload
INFO: Reloading Context with name [/web0] has started
Mär 16, 2018 7:34:57 PM org.apache.catalina.deploy.WebXml setVersion
WARNING: Unknown version string [4.0]. Default version will be used.
Mär 16, 2018 7:34:57 PM org.apache.catalina.core.StandardContext reload
INFO: Reloading Context with name [/web0] is completed
